<?xml version="1.0" encoding="UTF-8"?>
<!-- Generated by org.testng.reporters.JUnitXMLReporter -->
<testsuite ignored="0" hostname="DESKTOP-7AKMRUB" failures="1" tests="2" name="P360 User Login" time="25.051" errors="0" timestamp="2023-07-04T20:22:33 IST">
  <testcase classname="com.p360.userdesktop.TestCases.TC_Login" name="test_Login" time="17.039">
    <failure type="java.lang.AssertionError" message="expected [true] but found [false]">
      <![CDATA[java.lang.AssertionError: expected [true] but found [false]
at com.p360.userdesktop.TestCases.TC_Login.test_Login(TC_Login.java:59)
at java.base/java.util.ArrayList.forEach(ArrayList.java:1511)
... Removed 31 stack frames]]>
    </failure>
  </testcase> <!-- test_Login -->
  <testcase classname="com.p360.userdesktop.TestCases.TC_Login" name="test_Logout" time="0.0">
    <skipped/>
  </testcase> <!-- test_Logout -->
</testsuite> <!-- P360 User Login -->
