<?xml version="1.0" encoding="UTF-8"?>
<!-- Generated by org.testng.reporters.JUnitXMLReporter -->
<testsuite ignored="0" hostname="DESKTOP-7AKMRUB" failures="1" tests="1" name="Test" time="9.557" errors="0" timestamp="2023-07-07T15:22:13 IST">
  <testcase classname="com.p360.userdesktop.TestCases.TC_Login2" name="test_Login" time="0.013">
    <failure type="java.lang.StackOverflowError">
      <![CDATA[java.lang.StackOverflowError
at com.p360.userdesktop.TestCases.TC_Login2.test_Login(TC_Login2.java:18)
at com.p360.userdesktop.TestCases.TC_Login2.test_Login(TC_Login2.java:18)
at com.p360.userdesktop.TestCases.TC_Login2.test_Login(TC_Login2.java:18)
at com.p360.userdesktop.TestCases.TC_Login2.test_Login(TC_Login2.java:18)
at com.p360.userdesktop.TestCases.TC_Login2.test_Login(TC_Login2.java:18)
at com.p360.userdesktop.TestCases.TC_Login2.test_Login(TC_Login2.java:18)
at com.p360.userdesktop.TestCases.TC_Login2.test_Login(TC_Login2.java:18)
at com.p360.userdesktop.TestCases.TC_Login2.test_Login(TC_Login2.java:18)
at com.p360.userdesktop.TestCases.TC_Login2.test_Login(TC_Login2.java:18)
at com.p360.userdesktop.TestCases.TC_Login2.test_Login(TC_Login2.java:18)
at com.p360.userdesktop.TestCases.TC_Login2.test_Login(TC_Login2.java:18)
at com.p360.userdesktop.TestCases.TC_Login2.test_Login(TC_Login2.java:18)
at com.p360.userdesktop.TestCases.TC_Login2.test_Login(TC_Login2.java:18)
at com.p360.userdesktop.TestCases.TC_Login2.test_Login(TC_Login2.java:18)
at com.p360.userdesktop.TestCases.TC_Login2.test_Login(TC_Login2.java:18)
at com.p360.userdesktop.TestCases.TC_Login2.test_Login(TC_Login2.java:18)
at com.p360.userdesktop.TestCases.TC_Login2.test_Login(TC_Login2.java:18)
at com.p360.userdesktop.TestCases.TC_Login2.test_Login(TC_Login2.java:18)
at com.p360.userdesktop.TestCases.TC_Login2.test_Login(TC_Login2.java:18)
at com.p360.userdesktop.TestCases.TC_Login2.test_Login(TC_Login2.java:18)
at com.p360.userdesktop.TestCases.TC_Login2.test_Login(TC_Login2.java:18)
at com.p360.userdesktop.TestCases.TC_Login2.test_Login(TC_Login2.java:18)
at com.p360.userdesktop.TestCases.TC_Login2.test_Login(TC_Login2.java:18)
at com.p360.userdesktop.TestCases.TC_Login2.test_Login(TC_Login2.java:18)
at com.p360.userdesktop.TestCases.TC_Login2.test_Login(TC_Login2.java:18)
at com.p360.userdesktop.TestCases.TC_Login2.test_Login(TC_Login2.java:18)
at com.p360.userdesktop.TestCases.TC_Login2.test_Login(TC_Login2.java:18)
at com.p360.userdesktop.TestCases.TC_Login2.test_Login(TC_Login2.java:18)
at com.p360.userdesktop.TestCases.TC_Login2.test_Login(TC_Login2.java:18)
at com.p360.userdesktop.TestCases.TC_Login2.test_Login(TC_Login2.java:18)
at com.p360.userdesktop.TestCases.TC_Login2.test_Login(TC_Login2.java:18)
at com.p360.userdesktop.TestCases.TC_Login2.test_Login(TC_Login2.java:18)
at com.p360.userdesktop.TestCases.TC_Login2.test_Login(TC_Login2.java:18)
at com.p360.userdesktop.TestCases.TC_Login2.test_Login(TC_Login2.java:18)
at com.p360.userdesktop.TestCases.TC_Login2.test_Login(TC_Login2.java:18)
at com.p360.userdesktop.TestCases.TC_Login2.test_Login(TC_Login2.java:18)
at com.p360.userdesktop.TestCases.TC_Login2.test_Login(TC_Login2.java:18)
at com.p360.userdesktop.TestCases.TC_Login2.test_Login(TC_Login2.java:18)
at com.p360.userdesktop.TestCases.TC_Login2.test_Login(TC_Login2.java:18)
at com.p360.userdesktop.TestCases.TC_Login2.test_Login(TC_Login2.java:18)
at com.p360.userdesktop.TestCases.TC_Login2.test_Login(TC_Login2.java:18)
at com.p360.userdesktop.TestCases.TC_Login2.test_Login(TC_Login2.java:18)
at com.p360.userdesktop.TestCases.TC_Login2.test_Login(TC_Login2.java:18)
at com.p360.userdesktop.TestCases.TC_Login2.test_Login(TC_Login2.java:18)
at com.p360.userdesktop.TestCases.TC_Login2.test_Login(TC_Login2.java:18)
at com.p360.userdesktop.TestCases.TC_Login2.test_Login(TC_Login2.java:18)
at com.p360.userdesktop.TestCases.TC_Login2.test_Login(TC_Login2.java:18)
at com.p360.userdesktop.TestCases.TC_Login2.test_Login(TC_Login2.java:18)
at com.p360.userdesktop.TestCases.TC_Login2.test_Login(TC_Login2.java:18)
at com.p360.userdesktop.TestCases.TC_Login2.test_Login(TC_Login2.java:18)
at com.p360.userdesktop.TestCases.TC_Login2.test_Login(TC_Login2.java:18)
at com.p360.userdesktop.TestCases.TC_Login2.test_Login(TC_Login2.java:18)
at com.p360.userdesktop.TestCases.TC_Login2.test_Login(TC_Login2.java:18)
at com.p360.userdesktop.TestCases.TC_Login2.test_Login(TC_Login2.java:18)
at com.p360.userdesktop.TestCases.TC_Login2.test_Login(TC_Login2.java:18)
at com.p360.userdesktop.TestCases.TC_Login2.test_Login(TC_Login2.java:18)
at com.p360.userdesktop.TestCases.TC_Login2.test_Login(TC_Login2.java:18)
at com.p360.userdesktop.TestCases.TC_Login2.test_Login(TC_Login2.java:18)
at com.p360.userdesktop.TestCases.TC_Login2.test_Login(TC_Login2.java:18)
at com.p360.userdesktop.TestCases.TC_Login2.test_Login(TC_Login2.java:18)
at com.p360.userdesktop.TestCases.TC_Login2.test_Login(TC_Login2.java:18)
at com.p360.userdesktop.TestCases.TC_Login2.test_Login(TC_Login2.java:18)
at com.p360.userdesktop.TestCases.TC_Login2.test_Login(TC_Login2.java:18)
at com.p360.userdesktop.TestCases.TC_Login2.test_Login(TC_Login2.java:18)
at com.p360.userdesktop.TestCases.TC_Login2.test_Login(TC_Login2.java:18)
at com.p360.userdesktop.TestCases.TC_Login2.test_Login(TC_Login2.java:18)
at com.p360.userdesktop.TestCases.TC_Login2.test_Login(TC_Login2.java:18)
at com.p360.userdesktop.TestCases.TC_Login2.test_Login(TC_Login2.java:18)
at com.p360.userdesktop.TestCases.TC_Login2.test_Login(TC_Login2.java:18)
at com.p360.userdesktop.TestCases.TC_Login2.test_Login(TC_Login2.java:18)
at com.p360.userdesktop.TestCases.TC_Login2.test_Login(TC_Login2.java:18)
at com.p360.userdesktop.TestCases.TC_Login2.test_Login(TC_Login2.java:18)
at com.p360.userdesktop.TestCases.TC_Login2.test_Login(TC_Login2.java:18)
at com.p360.userdesktop.TestCases.TC_Login2.test_Login(TC_Login2.java:18)
at com.p360.userdesktop.TestCases.TC_Login2.test_Login(TC_Login2.java:18)
at com.p360.userdesktop.TestCases.TC_Login2.test_Login(TC_Login2.java:18)
at com.p360.userdesktop.TestCases.TC_Login2.test_Login(TC_Login2.java:18)
at com.p360.userdesktop.TestCases.TC_Login2.test_Login(TC_Login2.java:18)
at com.p360.userdesktop.TestCases.TC_Login2.test_Login(TC_Login2.java:18)
at com.p360.userdesktop.TestCases.TC_Login2.test_Login(TC_Login2.java:18)
at com.p360.userdesktop.TestCases.TC_Login2.test_Login(TC_Login2.java:18)
at com.p360.userdesktop.TestCases.TC_Login2.test_Login(TC_Login2.java:18)
at com.p360.userdesktop.TestCases.TC_Login2.test_Login(TC_Login2.java:18)
at com.p360.userdesktop.TestCases.TC_Login2.test_Login(TC_Login2.java:18)
at com.p360.userdesktop.TestCases.TC_Login2.test_Login(TC_Login2.java:18)
at com.p360.userdesktop.TestCases.TC_Login2.test_Login(TC_Login2.java:18)
at com.p360.userdesktop.TestCases.TC_Login2.test_Login(TC_Login2.java:18)
at com.p360.userdesktop.TestCases.TC_Login2.test_Login(TC_Login2.java:18)
at com.p360.userdesktop.TestCases.TC_Login2.test_Login(TC_Login2.java:18)
at com.p360.userdesktop.TestCases.TC_Login2.test_Login(TC_Login2.java:18)
at com.p360.userdesktop.TestCases.TC_Login2.test_Login(TC_Login2.java:18)
at com.p360.userdesktop.TestCases.TC_Login2.test_Login(TC_Login2.java:18)
at com.p360.userdesktop.TestCases.TC_Login2.test_Login(TC_Login2.java:18)
at com.p360.userdesktop.TestCases.TC_Login2.test_Login(TC_Login2.java:18)
at com.p360.userdesktop.TestCases.TC_Login2.test_Login(TC_Login2.java:18)
at com.p360.userdesktop.TestCases.TC_Login2.test_Login(TC_Login2.java:18)
at com.p360.userdesktop.TestCases.TC_Login2.test_Login(TC_Login2.java:18)
at com.p360.userdesktop.TestCases.TC_Login2.test_Login(TC_Login2.java:18)
at com.p360.userdesktop.TestCases.TC_Login2.test_Login(TC_Login2.java:18)
at com.p360.userdesktop.TestCases.TC_Login2.test_Login(TC_Login2.java:18)
at com.p360.userdesktop.TestCases.TC_Login2.test_Login(TC_Login2.java:18)
at com.p360.userdesktop.TestCases.TC_Login2.test_Login(TC_Login2.java:18)
at com.p360.userdesktop.TestCases.TC_Login2.test_Login(TC_Login2.java:18)
at com.p360.userdesktop.TestCases.TC_Login2.test_Login(TC_Login2.java:18)
at com.p360.userdesktop.TestCases.TC_Login2.test_Login(TC_Login2.java:18)
at com.p360.userdesktop.TestCases.TC_Login2.test_Login(TC_Login2.java:18)
at com.p360.userdesktop.TestCases.TC_Login2.test_Login(TC_Login2.java:18)
at com.p360.userdesktop.TestCases.TC_Login2.test_Login(TC_Login2.java:18)
at com.p360.userdesktop.TestCases.TC_Login2.test_Login(TC_Login2.java:18)
at com.p360.userdesktop.TestCases.TC_Login2.test_Login(TC_Login2.java:18)
at com.p360.userdesktop.TestCases.TC_Login2.test_Login(TC_Login2.java:18)
at com.p360.userdesktop.TestCases.TC_Login2.test_Login(TC_Login2.java:18)
at com.p360.userdesktop.TestCases.TC_Login2.test_Login(TC_Login2.java:18)
at com.p360.userdesktop.TestCases.TC_Login2.test_Login(TC_Login2.java:18)
at com.p360.userdesktop.TestCases.TC_Login2.test_Login(TC_Login2.java:18)
at com.p360.userdesktop.TestCases.TC_Login2.test_Login(TC_Login2.java:18)
at com.p360.userdesktop.TestCases.TC_Login2.test_Login(TC_Login2.java:18)
at com.p360.userdesktop.TestCases.TC_Login2.test_Login(TC_Login2.java:18)
at com.p360.userdesktop.TestCases.TC_Login2.test_Login(TC_Login2.java:18)
at com.p360.userdesktop.TestCases.TC_Login2.test_Login(TC_Login2.java:18)
at com.p360.userdesktop.TestCases.TC_Login2.test_Login(TC_Login2.java:18)
at com.p360.userdesktop.TestCases.TC_Login2.test_Login(TC_Login2.java:18)
at com.p360.userdesktop.TestCases.TC_Login2.test_Login(TC_Login2.java:18)
at com.p360.userdesktop.TestCases.TC_Login2.test_Login(TC_Login2.java:18)
at com.p360.userdesktop.TestCases.TC_Login2.test_Login(TC_Login2.java:18)
at com.p360.userdesktop.TestCases.TC_Login2.test_Login(TC_Login2.java:18)
at com.p360.userdesktop.TestCases.TC_Login2.test_Login(TC_Login2.java:18)
at com.p360.userdesktop.TestCases.TC_Login2.test_Login(TC_Login2.java:18)
at com.p360.userdesktop.TestCases.TC_Login2.test_Login(TC_Login2.java:18)
at com.p360.userdesktop.TestCases.TC_Login2.test_Login(TC_Login2.java:18)
at com.p360.userdesktop.TestCases.TC_Login2.test_Login(TC_Login2.java:18)
at com.p360.userdesktop.TestCases.TC_Login2.test_Login(TC_Login2.java:18)
at com.p360.userdesktop.TestCases.TC_Login2.test_Login(TC_Login2.java:18)
at com.p360.userdesktop.TestCases.TC_Login2.test_Login(TC_Login2.java:18)
at com.p360.userdesktop.TestCases.TC_Login2.test_Login(TC_Login2.java:18)
at com.p360.userdesktop.TestCases.TC_Login2.test_Login(TC_Login2.java:18)
at com.p360.userdesktop.TestCases.TC_Login2.test_Login(TC_Login2.java:18)
at com.p360.userdesktop.TestCases.TC_Login2.test_Login(TC_Login2.java:18)
at com.p360.userdesktop.TestCases.TC_Login2.test_Login(TC_Login2.java:18)
at com.p360.userdesktop.TestCases.TC_Login2.test_Login(TC_Login2.java:18)
at com.p360.userdesktop.TestCases.TC_Login2.test_Login(TC_Login2.java:18)
at com.p360.userdesktop.TestCases.TC_Login2.test_Login(TC_Login2.java:18)
at com.p360.userdesktop.TestCases.TC_Login2.test_Login(TC_Login2.java:18)
at com.p360.userdesktop.TestCases.TC_Login2.test_Login(TC_Login2.java:18)
at com.p360.userdesktop.TestCases.TC_Login2.test_Login(TC_Login2.java:18)
at com.p360.userdesktop.TestCases.TC_Login2.test_Login(TC_Login2.java:18)
at com.p360.userdesktop.TestCases.TC_Login2.test_Login(TC_Login2.java:18)
at com.p360.userdesktop.TestCases.TC_Login2.test_Login(TC_Login2.java:18)
at com.p360.userdesktop.TestCases.TC_Login2.test_Login(TC_Login2.java:18)
at com.p360.userdesktop.TestCases.TC_Login2.test_Login(TC_Login2.java:18)
at com.p360.userdesktop.TestCases.TC_Login2.test_Login(TC_Login2.java:18)
at com.p360.userdesktop.TestCases.TC_Login2.test_Login(TC_Login2.java:18)
at com.p360.userdesktop.TestCases.TC_Login2.test_Login(TC_Login2.java:18)
at com.p360.userdesktop.TestCases.TC_Login2.test_Login(TC_Login2.java:18)
at com.p360.userdesktop.TestCases.TC_Login2.test_Login(TC_Login2.java:18)
at com.p360.userdesktop.TestCases.TC_Login2.test_Login(TC_Login2.java:18)
at com.p360.userdesktop.TestCases.TC_Login2.test_Login(TC_Login2.java:18)
at com.p360.userdesktop.TestCases.TC_Login2.test_Login(TC_Login2.java:18)
at com.p360.userdesktop.TestCases.TC_Login2.test_Login(TC_Login2.java:18)
at com.p360.userdesktop.TestCases.TC_Login2.test_Login(TC_Login2.java:18)
at com.p360.userdesktop.TestCases.TC_Login2.test_Login(TC_Login2.java:18)
at com.p360.userdesktop.TestCases.TC_Login2.test_Login(TC_Login2.java:18)
at com.p360.userdesktop.TestCases.TC_Login2.test_Login(TC_Login2.java:18)
at com.p360.userdesktop.TestCases.TC_Login2.test_Login(TC_Login2.java:18)
at com.p360.userdesktop.TestCases.TC_Login2.test_Login(TC_Login2.java:18)
at com.p360.userdesktop.TestCases.TC_Login2.test_Login(TC_Login2.java:18)
at com.p360.userdesktop.TestCases.TC_Login2.test_Login(TC_Login2.java:18)
at com.p360.userdesktop.TestCases.TC_Login2.test_Login(TC_Login2.java:18)
at com.p360.userdesktop.TestCases.TC_Login2.test_Login(TC_Login2.java:18)
at com.p360.userdesktop.TestCases.TC_Login2.test_Login(TC_Login2.java:18)
at com.p360.userdesktop.TestCases.TC_Login2.test_Login(TC_Login2.java:18)
at com.p360.userdesktop.TestCases.TC_Login2.test_Login(TC_Login2.java:18)
at com.p360.userdesktop.TestCases.TC_Login2.test_Login(TC_Login2.java:18)
at com.p360.userdesktop.TestCases.TC_Login2.test_Login(TC_Login2.java:18)
at com.p360.userdesktop.TestCases.TC_Login2.test_Login(TC_Login2.java:18)
at com.p360.userdesktop.TestCases.TC_Login2.test_Login(TC_Login2.java:18)
at com.p360.userdesktop.TestCases.TC_Login2.test_Login(TC_Login2.java:18)
at com.p360.userdesktop.TestCases.TC_Login2.test_Login(TC_Login2.java:18)
at com.p360.userdesktop.TestCases.TC_Login2.test_Login(TC_Login2.java:18)
at com.p360.userdesktop.TestCases.TC_Login2.test_Login(TC_Login2.java:18)
at com.p360.userdesktop.TestCases.TC_Login2.test_Login(TC_Login2.java:18)
at com.p360.userdesktop.TestCases.TC_Login2.test_Login(TC_Login2.java:18)
at com.p360.userdesktop.TestCases.TC_Login2.test_Login(TC_Login2.java:18)
at com.p360.userdesktop.TestCases.TC_Login2.test_Login(TC_Login2.java:18)
at com.p360.userdesktop.TestCases.TC_Login2.test_Login(TC_Login2.java:18)
at com.p360.userdesktop.TestCases.TC_Login2.test_Login(TC_Login2.java:18)
at com.p360.userdesktop.TestCases.TC_Login2.test_Login(TC_Login2.java:18)
at com.p360.userdesktop.TestCases.TC_Login2.test_Login(TC_Login2.java:18)
at com.p360.userdesktop.TestCases.TC_Login2.test_Login(TC_Login2.java:18)
at com.p360.userdesktop.TestCases.TC_Login2.test_Login(TC_Login2.java:18)
at com.p360.userdesktop.TestCases.TC_Login2.test_Login(TC_Login2.java:18)
at com.p360.userdesktop.TestCases.TC_Login2.test_Login(TC_Login2.java:18)
at com.p360.userdesktop.TestCases.TC_Login2.test_Login(TC_Login2.java:18)
at com.p360.userdesktop.TestCases.TC_Login2.test_Login(TC_Login2.java:18)
at com.p360.userdesktop.TestCases.TC_Login2.test_Login(TC_Login2.java:18)
at com.p360.userdesktop.TestCases.TC_Login2.test_Login(TC_Login2.java:18)
at com.p360.userdesktop.TestCases.TC_Login2.test_Login(TC_Login2.java:18)
at com.p360.userdesktop.TestCases.TC_Login2.test_Login(TC_Login2.java:18)
at com.p360.userdesktop.TestCases.TC_Login2.test_Login(TC_Login2.java:18)
at com.p360.userdesktop.TestCases.TC_Login2.test_Login(TC_Login2.java:18)
at com.p360.userdesktop.TestCases.TC_Login2.test_Login(TC_Login2.java:18)
at com.p360.userdesktop.TestCases.TC_Login2.test_Login(TC_Login2.java:18)
at com.p360.userdesktop.TestCases.TC_Login2.test_Login(TC_Login2.java:18)
at com.p360.userdesktop.TestCases.TC_Login2.test_Login(TC_Login2.java:18)
at com.p360.userdesktop.TestCases.TC_Login2.test_Login(TC_Login2.java:18)
at com.p360.userdesktop.TestCases.TC_Login2.test_Login(TC_Login2.java:18)
at com.p360.userdesktop.TestCases.TC_Login2.test_Login(TC_Login2.java:18)
at com.p360.userdesktop.TestCases.TC_Login2.test_Login(TC_Login2.java:18)
at com.p360.userdesktop.TestCases.TC_Login2.test_Login(TC_Login2.java:18)
at com.p360.userdesktop.TestCases.TC_Login2.test_Login(TC_Login2.java:18)
at com.p360.userdesktop.TestCases.TC_Login2.test_Login(TC_Login2.java:18)
at com.p360.userdesktop.TestCases.TC_Login2.test_Login(TC_Login2.java:18)
at com.p360.userdesktop.TestCases.TC_Login2.test_Login(TC_Login2.java:18)
at com.p360.userdesktop.TestCases.TC_Login2.test_Login(TC_Login2.java:18)
at com.p360.userdesktop.TestCases.TC_Login2.test_Login(TC_Login2.java:18)
at com.p360.userdesktop.TestCases.TC_Login2.test_Login(TC_Login2.java:18)
at com.p360.userdesktop.TestCases.TC_Login2.test_Login(TC_Login2.java:18)
at com.p360.userdesktop.TestCases.TC_Login2.test_Login(TC_Login2.java:18)
at com.p360.userdesktop.TestCases.TC_Login2.test_Login(TC_Login2.java:18)
at com.p360.userdesktop.TestCases.TC_Login2.test_Login(TC_Login2.java:18)
at com.p360.userdesktop.TestCases.TC_Login2.test_Login(TC_Login2.java:18)
at com.p360.userdesktop.TestCases.TC_Login2.test_Login(TC_Login2.java:18)
at com.p360.userdesktop.TestCases.TC_Login2.test_Login(TC_Login2.java:18)
at com.p360.userdesktop.TestCases.TC_Login2.test_Login(TC_Login2.java:18)
at com.p360.userdesktop.TestCases.TC_Login2.test_Login(TC_Login2.java:18)
at com.p360.userdesktop.TestCases.TC_Login2.test_Login(TC_Login2.java:18)
at com.p360.userdesktop.TestCases.TC_Login2.test_Login(TC_Login2.java:18)
at com.p360.userdesktop.TestCases.TC_Login2.test_Login(TC_Login2.java:18)
at com.p360.userdesktop.TestCases.TC_Login2.test_Login(TC_Login2.java:18)
at com.p360.userdesktop.TestCases.TC_Login2.test_Login(TC_Login2.java:18)
at com.p360.userdesktop.TestCases.TC_Login2.test_Login(TC_Login2.java:18)
at com.p360.userdesktop.TestCases.TC_Login2.test_Login(TC_Login2.java:18)
at com.p360.userdesktop.TestCases.TC_Login2.test_Login(TC_Login2.java:18)
at com.p360.userdesktop.TestCases.TC_Login2.test_Login(TC_Login2.java:18)
at com.p360.userdesktop.TestCases.TC_Login2.test_Login(TC_Login2.java:18)
at com.p360.userdesktop.TestCases.TC_Login2.test_Login(TC_Login2.java:18)
at com.p360.userdesktop.TestCases.TC_Login2.test_Login(TC_Login2.java:18)
at com.p360.userdesktop.TestCases.TC_Login2.test_Login(TC_Login2.java:18)
at com.p360.userdesktop.TestCases.TC_Login2.test_Login(TC_Login2.java:18)
at com.p360.userdesktop.TestCases.TC_Login2.test_Login(TC_Login2.java:18)
at com.p360.userdesktop.TestCases.TC_Login2.test_Login(TC_Login2.java:18)
at com.p360.userdesktop.TestCases.TC_Login2.test_Login(TC_Login2.java:18)
at com.p360.userdesktop.TestCases.TC_Login2.test_Login(TC_Login2.java:18)
at com.p360.userdesktop.TestCases.TC_Login2.test_Login(TC_Login2.java:18)
at com.p360.userdesktop.TestCases.TC_Login2.test_Login(TC_Login2.java:18)
at com.p360.userdesktop.TestCases.TC_Login2.test_Login(TC_Login2.java:18)
at com.p360.userdesktop.TestCases.TC_Login2.test_Login(TC_Login2.java:18)
at com.p360.userdesktop.TestCases.TC_Login2.test_Login(TC_Login2.java:18)
at com.p360.userdesktop.TestCases.TC_Login2.test_Login(TC_Login2.java:18)
at com.p360.userdesktop.TestCases.TC_Login2.test_Login(TC_Login2.java:18)
at com.p360.userdesktop.TestCases.TC_Login2.test_Login(TC_Login2.java:18)
at com.p360.userdesktop.TestCases.TC_Login2.test_Login(TC_Login2.java:18)
at com.p360.userdesktop.TestCases.TC_Login2.test_Login(TC_Login2.java:18)
at com.p360.userdesktop.TestCases.TC_Login2.test_Login(TC_Login2.java:18)
at com.p360.userdesktop.TestCases.TC_Login2.test_Login(TC_Login2.java:18)
at com.p360.userdesktop.TestCases.TC_Login2.test_Login(TC_Login2.java:18)
at com.p360.userdesktop.TestCases.TC_Login2.test_Login(TC_Login2.java:18)
at com.p360.userdesktop.TestCases.TC_Login2.test_Login(TC_Login2.java:18)
at com.p360.userdesktop.TestCases.TC_Login2.test_Login(TC_Login2.java:18)
at com.p360.userdesktop.TestCases.TC_Login2.test_Login(TC_Login2.java:18)
at com.p360.userdesktop.TestCases.TC_Login2.test_Login(TC_Login2.java:18)
at com.p360.userdesktop.TestCases.TC_Login2.test_Login(TC_Login2.java:18)
at com.p360.userdesktop.TestCases.TC_Login2.test_Login(TC_Login2.java:18)
at com.p360.userdesktop.TestCases.TC_Login2.test_Login(TC_Login2.java:18)
at com.p360.userdesktop.TestCases.TC_Login2.test_Login(TC_Login2.java:18)
at com.p360.userdesktop.TestCases.TC_Login2.test_Login(TC_Login2.java:18)
at com.p360.userdesktop.TestCases.TC_Login2.test_Login(TC_Login2.java:18)
at com.p360.userdesktop.TestCases.TC_Login2.test_Login(TC_Login2.java:18)
at com.p360.userdesktop.TestCases.TC_Login2.test_Login(TC_Login2.java:18)
at com.p360.userdesktop.TestCases.TC_Login2.test_Login(TC_Login2.java:18)
at com.p360.userdesktop.TestCases.TC_Login2.test_Login(TC_Login2.java:18)
at com.p360.userdesktop.TestCases.TC_Login2.test_Login(TC_Login2.java:18)
at com.p360.userdesktop.TestCases.TC_Login2.test_Login(TC_Login2.java:18)
at com.p360.userdesktop.TestCases.TC_Login2.test_Login(TC_Login2.java:18)
at com.p360.userdesktop.TestCases.TC_Login2.test_Login(TC_Login2.java:18)
at com.p360.userdesktop.TestCases.TC_Login2.test_Login(TC_Login2.java:18)
at com.p360.userdesktop.TestCases.TC_Login2.test_Login(TC_Login2.java:18)
at com.p360.userdesktop.TestCases.TC_Login2.test_Login(TC_Login2.java:18)
at com.p360.userdesktop.TestCases.TC_Login2.test_Login(TC_Login2.java:18)
at com.p360.userdesktop.TestCases.TC_Login2.test_Login(TC_Login2.java:18)
at com.p360.userdesktop.TestCases.TC_Login2.test_Login(TC_Login2.java:18)
at com.p360.userdesktop.TestCases.TC_Login2.test_Login(TC_Login2.java:18)
at com.p360.userdesktop.TestCases.TC_Login2.test_Login(TC_Login2.java:18)
at com.p360.userdesktop.TestCases.TC_Login2.test_Login(TC_Login2.java:18)
at com.p360.userdesktop.TestCases.TC_Login2.test_Login(TC_Login2.java:18)
at com.p360.userdesktop.TestCases.TC_Login2.test_Login(TC_Login2.java:18)
at com.p360.userdesktop.TestCases.TC_Login2.test_Login(TC_Login2.java:18)
at com.p360.userdesktop.TestCases.TC_Login2.test_Login(TC_Login2.java:18)
at com.p360.userdesktop.TestCases.TC_Login2.test_Login(TC_Login2.java:18)
at com.p360.userdesktop.TestCases.TC_Login2.test_Login(TC_Login2.java:18)
at com.p360.userdesktop.TestCases.TC_Login2.test_Login(TC_Login2.java:18)
at com.p360.userdesktop.TestCases.TC_Login2.test_Login(TC_Login2.java:18)
at com.p360.userdesktop.TestCases.TC_Login2.test_Login(TC_Login2.java:18)
at com.p360.userdesktop.TestCases.TC_Login2.test_Login(TC_Login2.java:18)
at com.p360.userdesktop.TestCases.TC_Login2.test_Login(TC_Login2.java:18)
at com.p360.userdesktop.TestCases.TC_Login2.test_Login(TC_Login2.java:18)
at com.p360.userdesktop.TestCases.TC_Login2.test_Login(TC_Login2.java:18)
at com.p360.userdesktop.TestCases.TC_Login2.test_Login(TC_Login2.java:18)
at com.p360.userdesktop.TestCases.TC_Login2.test_Login(TC_Login2.java:18)
at com.p360.userdesktop.TestCases.TC_Login2.test_Login(TC_Login2.java:18)
at com.p360.userdesktop.TestCases.TC_Login2.test_Login(TC_Login2.java:18)
at com.p360.userdesktop.TestCases.TC_Login2.test_Login(TC_Login2.java:18)
at com.p360.userdesktop.TestCases.TC_Login2.test_Login(TC_Login2.java:18)
at com.p360.userdesktop.TestCases.TC_Login2.test_Login(TC_Login2.java:18)
at com.p360.userdesktop.TestCases.TC_Login2.test_Login(TC_Login2.java:18)
at com.p360.userdesktop.TestCases.TC_Login2.test_Login(TC_Login2.java:18)
at com.p360.userdesktop.TestCases.TC_Login2.test_Login(TC_Login2.java:18)
at com.p360.userdesktop.TestCases.TC_Login2.test_Login(TC_Login2.java:18)
at com.p360.userdesktop.TestCases.TC_Login2.test_Login(TC_Login2.java:18)
at com.p360.userdesktop.TestCases.TC_Login2.test_Login(TC_Login2.java:18)
at com.p360.userdesktop.TestCases.TC_Login2.test_Login(TC_Login2.java:18)
at com.p360.userdesktop.TestCases.TC_Login2.test_Login(TC_Login2.java:18)
at com.p360.userdesktop.TestCases.TC_Login2.test_Login(TC_Login2.java:18)
at com.p360.userdesktop.TestCases.TC_Login2.test_Login(TC_Login2.java:18)
at com.p360.userdesktop.TestCases.TC_Login2.test_Login(TC_Login2.java:18)
at com.p360.userdesktop.TestCases.TC_Login2.test_Login(TC_Login2.java:18)
at com.p360.userdesktop.TestCases.TC_Login2.test_Login(TC_Login2.java:18)
at com.p360.userdesktop.TestCases.TC_Login2.test_Login(TC_Login2.java:18)
at com.p360.userdesktop.TestCases.TC_Login2.test_Login(TC_Login2.java:18)
at com.p360.userdesktop.TestCases.TC_Login2.test_Login(TC_Login2.java:18)
at com.p360.userdesktop.TestCases.TC_Login2.test_Login(TC_Login2.java:18)
at com.p360.userdesktop.TestCases.TC_Login2.test_Login(TC_Login2.java:18)
at com.p360.userdesktop.TestCases.TC_Login2.test_Login(TC_Login2.java:18)
at com.p360.userdesktop.TestCases.TC_Login2.test_Login(TC_Login2.java:18)
at com.p360.userdesktop.TestCases.TC_Login2.test_Login(TC_Login2.java:18)
at com.p360.userdesktop.TestCases.TC_Login2.test_Login(TC_Login2.java:18)
at com.p360.userdesktop.TestCases.TC_Login2.test_Login(TC_Login2.java:18)
at com.p360.userdesktop.TestCases.TC_Login2.test_Login(TC_Login2.java:18)
at com.p360.userdesktop.TestCases.TC_Login2.test_Login(TC_Login2.java:18)
at com.p360.userdesktop.TestCases.TC_Login2.test_Login(TC_Login2.java:18)
at com.p360.userdesktop.TestCases.TC_Login2.test_Login(TC_Login2.java:18)
at com.p360.userdesktop.TestCases.TC_Login2.test_Login(TC_Login2.java:18)
at com.p360.userdesktop.TestCases.TC_Login2.test_Login(TC_Login2.java:18)
at com.p360.userdesktop.TestCases.TC_Login2.test_Login(TC_Login2.java:18)
at com.p360.userdesktop.TestCases.TC_Login2.test_Login(TC_Login2.java:18)
at com.p360.userdesktop.TestCases.TC_Login2.test_Login(TC_Login2.java:18)
at com.p360.userdesktop.TestCases.TC_Login2.test_Login(TC_Login2.java:18)
at com.p360.userdesktop.TestCases.TC_Login2.test_Login(TC_Login2.java:18)
at com.p360.userdesktop.TestCases.TC_Login2.test_Login(TC_Login2.java:18)
at com.p360.userdesktop.TestCases.TC_Login2.test_Login(TC_Login2.java:18)
at com.p360.userdesktop.TestCases.TC_Login2.test_Login(TC_Login2.java:18)
at com.p360.userdesktop.TestCases.TC_Login2.test_Login(TC_Login2.java:18)
at com.p360.userdesktop.TestCases.TC_Login2.test_Login(TC_Login2.java:18)
at com.p360.userdesktop.TestCases.TC_Login2.test_Login(TC_Login2.java:18)
at com.p360.userdesktop.TestCases.TC_Login2.test_Login(TC_Login2.java:18)
at com.p360.userdesktop.TestCases.TC_Login2.test_Login(TC_Login2.java:18)
at com.p360.userdesktop.TestCases.TC_Login2.test_Login(TC_Login2.java:18)
at com.p360.userdesktop.TestCases.TC_Login2.test_Login(TC_Login2.java:18)
at com.p360.userdesktop.TestCases.TC_Login2.test_Login(TC_Login2.java:18)
at com.p360.userdesktop.TestCases.TC_Login2.test_Login(TC_Login2.java:18)
at com.p360.userdesktop.TestCases.TC_Login2.test_Login(TC_Login2.java:18)
at com.p360.userdesktop.TestCases.TC_Login2.test_Login(TC_Login2.java:18)
at com.p360.userdesktop.TestCases.TC_Login2.test_Login(TC_Login2.java:18)
at com.p360.userdesktop.TestCases.TC_Login2.test_Login(TC_Login2.java:18)
at com.p360.userdesktop.TestCases.TC_Login2.test_Login(TC_Login2.java:18)
at com.p360.userdesktop.TestCases.TC_Login2.test_Login(TC_Login2.java:18)
at com.p360.userdesktop.TestCases.TC_Login2.test_Login(TC_Login2.java:18)
at com.p360.userdesktop.TestCases.TC_Login2.test_Login(TC_Login2.java:18)
at com.p360.userdesktop.TestCases.TC_Login2.test_Login(TC_Login2.java:18)
at com.p360.userdesktop.TestCases.TC_Login2.test_Login(TC_Login2.java:18)
at com.p360.userdesktop.TestCases.TC_Login2.test_Login(TC_Login2.java:18)
at com.p360.userdesktop.TestCases.TC_Login2.test_Login(TC_Login2.java:18)
at com.p360.userdesktop.TestCases.TC_Login2.test_Login(TC_Login2.java:18)
at com.p360.userdesktop.TestCases.TC_Login2.test_Login(TC_Login2.java:18)
at com.p360.userdesktop.TestCases.TC_Login2.test_Login(TC_Login2.java:18)
at com.p360.userdesktop.TestCases.TC_Login2.test_Login(TC_Login2.java:18)
at com.p360.userdesktop.TestCases.TC_Login2.test_Login(TC_Login2.java:18)
at com.p360.userdesktop.TestCases.TC_Login2.test_Login(TC_Login2.java:18)
at com.p360.userdesktop.TestCases.TC_Login2.test_Login(TC_Login2.java:18)
at com.p360.userdesktop.TestCases.TC_Login2.test_Login(TC_Login2.java:18)
at com.p360.userdesktop.TestCases.TC_Login2.test_Login(TC_Login2.java:18)
at com.p360.userdesktop.TestCases.TC_Login2.test_Login(TC_Login2.java:18)
at com.p360.userdesktop.TestCases.TC_Login2.test_Login(TC_Login2.java:18)
at com.p360.userdesktop.TestCases.TC_Login2.test_Login(TC_Login2.java:18)
at com.p360.userdesktop.TestCases.TC_Login2.test_Login(TC_Login2.java:18)
at com.p360.userdesktop.TestCases.TC_Login2.test_Login(TC_Login2.java:18)
at com.p360.userdesktop.TestCases.TC_Login2.test_Login(TC_Login2.java:18)
at com.p360.userdesktop.TestCases.TC_Login2.test_Login(TC_Login2.java:18)
at com.p360.userdesktop.TestCases.TC_Login2.test_Login(TC_Login2.java:18)
at com.p360.userdesktop.TestCases.TC_Login2.test_Login(TC_Login2.java:18)
at com.p360.userdesktop.TestCases.TC_Login2.test_Login(TC_Login2.java:18)
at com.p360.userdesktop.TestCases.TC_Login2.test_Login(TC_Login2.java:18)
at com.p360.userdesktop.TestCases.TC_Login2.test_Login(TC_Login2.java:18)
at com.p360.userdesktop.TestCases.TC_Login2.test_Login(TC_Login2.java:18)
at com.p360.userdesktop.TestCases.TC_Login2.test_Login(TC_Login2.java:18)
at com.p360.userdesktop.TestCases.TC_Login2.test_Login(TC_Login2.java:18)
at com.p360.userdesktop.TestCases.TC_Login2.test_Login(TC_Login2.java:18)
at com.p360.userdesktop.TestCases.TC_Login2.test_Login(TC_Login2.java:18)
at com.p360.userdesktop.TestCases.TC_Login2.test_Login(TC_Login2.java:18)
at com.p360.userdesktop.TestCases.TC_Login2.test_Login(TC_Login2.java:18)
at com.p360.userdesktop.TestCases.TC_Login2.test_Login(TC_Login2.java:18)
at com.p360.userdesktop.TestCases.TC_Login2.test_Login(TC_Login2.java:18)
at com.p360.userdesktop.TestCases.TC_Login2.test_Login(TC_Login2.java:18)
at com.p360.userdesktop.TestCases.TC_Login2.test_Login(TC_Login2.java:18)
at com.p360.userdesktop.TestCases.TC_Login2.test_Login(TC_Login2.java:18)
at com.p360.userdesktop.TestCases.TC_Login2.test_Login(TC_Login2.java:18)
at com.p360.userdesktop.TestCases.TC_Login2.test_Login(TC_Login2.java:18)
at com.p360.userdesktop.TestCases.TC_Login2.test_Login(TC_Login2.java:18)
at com.p360.userdesktop.TestCases.TC_Login2.test_Login(TC_Login2.java:18)
at com.p360.userdesktop.TestCases.TC_Login2.test_Login(TC_Login2.java:18)
at com.p360.userdesktop.TestCases.TC_Login2.test_Login(TC_Login2.java:18)
at com.p360.userdesktop.TestCases.TC_Login2.test_Login(TC_Login2.java:18)
at com.p360.userdesktop.TestCases.TC_Login2.test_Login(TC_Login2.java:18)
at com.p360.userdesktop.TestCases.TC_Login2.test_Login(TC_Login2.java:18)
at com.p360.userdesktop.TestCases.TC_Login2.test_Login(TC_Login2.java:18)
at com.p360.userdesktop.TestCases.TC_Login2.test_Login(TC_Login2.java:18)
at com.p360.userdesktop.TestCases.TC_Login2.test_Login(TC_Login2.java:18)
at com.p360.userdesktop.TestCases.TC_Login2.test_Login(TC_Login2.java:18)
at com.p360.userdesktop.TestCases.TC_Login2.test_Login(TC_Login2.java:18)
at com.p360.userdesktop.TestCases.TC_Login2.test_Login(TC_Login2.java:18)
at com.p360.userdesktop.TestCases.TC_Login2.test_Login(TC_Login2.java:18)
at com.p360.userdesktop.TestCases.TC_Login2.test_Login(TC_Login2.java:18)
at com.p360.userdesktop.TestCases.TC_Login2.test_Login(TC_Login2.java:18)
at com.p360.userdesktop.TestCases.TC_Login2.test_Login(TC_Login2.java:18)
at com.p360.userdesktop.TestCases.TC_Login2.test_Login(TC_Login2.java:18)
at com.p360.userdesktop.TestCases.TC_Login2.test_Login(TC_Login2.java:18)
at com.p360.userdesktop.TestCases.TC_Login2.test_Login(TC_Login2.java:18)
at com.p360.userdesktop.TestCases.TC_Login2.test_Login(TC_Login2.java:18)
at com.p360.userdesktop.TestCases.TC_Login2.test_Login(TC_Login2.java:18)
at com.p360.userdesktop.TestCases.TC_Login2.test_Login(TC_Login2.java:18)
at com.p360.userdesktop.TestCases.TC_Login2.test_Login(TC_Login2.java:18)
at com.p360.userdesktop.TestCases.TC_Login2.test_Login(TC_Login2.java:18)
at com.p360.userdesktop.TestCases.TC_Login2.test_Login(TC_Login2.java:18)
at com.p360.userdesktop.TestCases.TC_Login2.test_Login(TC_Login2.java:18)
at com.p360.userdesktop.TestCases.TC_Login2.test_Login(TC_Login2.java:18)
at com.p360.userdesktop.TestCases.TC_Login2.test_Login(TC_Login2.java:18)
at com.p360.userdesktop.TestCases.TC_Login2.test_Login(TC_Login2.java:18)
at com.p360.userdesktop.TestCases.TC_Login2.test_Login(TC_Login2.java:18)
at com.p360.userdesktop.TestCases.TC_Login2.test_Login(TC_Login2.java:18)
at com.p360.userdesktop.TestCases.TC_Login2.test_Login(TC_Login2.java:18)
at com.p360.userdesktop.TestCases.TC_Login2.test_Login(TC_Login2.java:18)
at com.p360.userdesktop.TestCases.TC_Login2.test_Login(TC_Login2.java:18)
at com.p360.userdesktop.TestCases.TC_Login2.test_Login(TC_Login2.java:18)
at com.p360.userdesktop.TestCases.TC_Login2.test_Login(TC_Login2.java:18)
at com.p360.userdesktop.TestCases.TC_Login2.test_Login(TC_Login2.java:18)
at com.p360.userdesktop.TestCases.TC_Login2.test_Login(TC_Login2.java:18)
at com.p360.userdesktop.TestCases.TC_Login2.test_Login(TC_Login2.java:18)
at com.p360.userdesktop.TestCases.TC_Login2.test_Login(TC_Login2.java:18)
at com.p360.userdesktop.TestCases.TC_Login2.test_Login(TC_Login2.java:18)
at com.p360.userdesktop.TestCases.TC_Login2.test_Login(TC_Login2.java:18)
at com.p360.userdesktop.TestCases.TC_Login2.test_Login(TC_Login2.java:18)
at com.p360.userdesktop.TestCases.TC_Login2.test_Login(TC_Login2.java:18)
at com.p360.userdesktop.TestCases.TC_Login2.test_Login(TC_Login2.java:18)
at com.p360.userdesktop.TestCases.TC_Login2.test_Login(TC_Login2.java:18)
at com.p360.userdesktop.TestCases.TC_Login2.test_Login(TC_Login2.java:18)
at com.p360.userdesktop.TestCases.TC_Login2.test_Login(TC_Login2.java:18)
at com.p360.userdesktop.TestCases.TC_Login2.test_Login(TC_Login2.java:18)
at com.p360.userdesktop.TestCases.TC_Login2.test_Login(TC_Login2.java:18)
at com.p360.userdesktop.TestCases.TC_Login2.test_Login(TC_Login2.java:18)
at com.p360.userdesktop.TestCases.TC_Login2.test_Login(TC_Login2.java:18)
at com.p360.userdesktop.TestCases.TC_Login2.test_Login(TC_Login2.java:18)
at com.p360.userdesktop.TestCases.TC_Login2.test_Login(TC_Login2.java:18)
at com.p360.userdesktop.TestCases.TC_Login2.test_Login(TC_Login2.java:18)
at com.p360.userdesktop.TestCases.TC_Login2.test_Login(TC_Login2.java:18)
at com.p360.userdesktop.TestCases.TC_Login2.test_Login(TC_Login2.java:18)
at com.p360.userdesktop.TestCases.TC_Login2.test_Login(TC_Login2.java:18)
at com.p360.userdesktop.TestCases.TC_Login2.test_Login(TC_Login2.java:18)
at com.p360.userdesktop.TestCases.TC_Login2.test_Login(TC_Login2.java:18)
at com.p360.userdesktop.TestCases.TC_Login2.test_Login(TC_Login2.java:18)
at com.p360.userdesktop.TestCases.TC_Login2.test_Login(TC_Login2.java:18)
at com.p360.userdesktop.TestCases.TC_Login2.test_Login(TC_Login2.java:18)
at com.p360.userdesktop.TestCases.TC_Login2.test_Login(TC_Login2.java:18)
at com.p360.userdesktop.TestCases.TC_Login2.test_Login(TC_Login2.java:18)
at com.p360.userdesktop.TestCases.TC_Login2.test_Login(TC_Login2.java:18)
at com.p360.userdesktop.TestCases.TC_Login2.test_Login(TC_Login2.java:18)
at com.p360.userdesktop.TestCases.TC_Login2.test_Login(TC_Login2.java:18)
at com.p360.userdesktop.TestCases.TC_Login2.test_Login(TC_Login2.java:18)
at com.p360.userdesktop.TestCases.TC_Login2.test_Login(TC_Login2.java:18)
at com.p360.userdesktop.TestCases.TC_Login2.test_Login(TC_Login2.java:18)
at com.p360.userdesktop.TestCases.TC_Login2.test_Login(TC_Login2.java:18)
at com.p360.userdesktop.TestCases.TC_Login2.test_Login(TC_Login2.java:18)
at com.p360.userdesktop.TestCases.TC_Login2.test_Login(TC_Login2.java:18)
at com.p360.userdesktop.TestCases.TC_Login2.test_Login(TC_Login2.java:18)
at com.p360.userdesktop.TestCases.TC_Login2.test_Login(TC_Login2.java:18)
at com.p360.userdesktop.TestCases.TC_Login2.test_Login(TC_Login2.java:18)
at com.p360.userdesktop.TestCases.TC_Login2.test_Login(TC_Login2.java:18)
at com.p360.userdesktop.TestCases.TC_Login2.test_Login(TC_Login2.java:18)
at com.p360.userdesktop.TestCases.TC_Login2.test_Login(TC_Login2.java:18)
at com.p360.userdesktop.TestCases.TC_Login2.test_Login(TC_Login2.java:18)
at com.p360.userdesktop.TestCases.TC_Login2.test_Login(TC_Login2.java:18)
at com.p360.userdesktop.TestCases.TC_Login2.test_Login(TC_Login2.java:18)
at com.p360.userdesktop.TestCases.TC_Login2.test_Login(TC_Login2.java:18)
at com.p360.userdesktop.TestCases.TC_Login2.test_Login(TC_Login2.java:18)
at com.p360.userdesktop.TestCases.TC_Login2.test_Login(TC_Login2.java:18)
at com.p360.userdesktop.TestCases.TC_Login2.test_Login(TC_Login2.java:18)
at com.p360.userdesktop.TestCases.TC_Login2.test_Login(TC_Login2.java:18)
at com.p360.userdesktop.TestCases.TC_Login2.test_Login(TC_Login2.java:18)
at com.p360.userdesktop.TestCases.TC_Login2.test_Login(TC_Login2.java:18)
at com.p360.userdesktop.TestCases.TC_Login2.test_Login(TC_Login2.java:18)
at com.p360.userdesktop.TestCases.TC_Login2.test_Login(TC_Login2.java:18)
at com.p360.userdesktop.TestCases.TC_Login2.test_Login(TC_Login2.java:18)
at com.p360.userdesktop.TestCases.TC_Login2.test_Login(TC_Login2.java:18)
at com.p360.userdesktop.TestCases.TC_Login2.test_Login(TC_Login2.java:18)
at com.p360.userdesktop.TestCases.TC_Login2.test_Login(TC_Login2.java:18)
at com.p360.userdesktop.TestCases.TC_Login2.test_Login(TC_Login2.java:18)
at com.p360.userdesktop.TestCases.TC_Login2.test_Login(TC_Login2.java:18)
at com.p360.userdesktop.TestCases.TC_Login2.test_Login(TC_Login2.java:18)
at com.p360.userdesktop.TestCases.TC_Login2.test_Login(TC_Login2.java:18)
at com.p360.userdesktop.TestCases.TC_Login2.test_Login(TC_Login2.java:18)
at com.p360.userdesktop.TestCases.TC_Login2.test_Login(TC_Login2.java:18)
at com.p360.userdesktop.TestCases.TC_Login2.test_Login(TC_Login2.java:18)
at com.p360.userdesktop.TestCases.TC_Login2.test_Login(TC_Login2.java:18)
at com.p360.userdesktop.TestCases.TC_Login2.test_Login(TC_Login2.java:18)
at com.p360.userdesktop.TestCases.TC_Login2.test_Login(TC_Login2.java:18)
at com.p360.userdesktop.TestCases.TC_Login2.test_Login(TC_Login2.java:18)
at com.p360.userdesktop.TestCases.TC_Login2.test_Login(TC_Login2.java:18)
at com.p360.userdesktop.TestCases.TC_Login2.test_Login(TC_Login2.java:18)
at com.p360.userdesktop.TestCases.TC_Login2.test_Login(TC_Login2.java:18)
at com.p360.userdesktop.TestCases.TC_Login2.test_Login(TC_Login2.java:18)
at com.p360.userdesktop.TestCases.TC_Login2.test_Login(TC_Login2.java:18)
at com.p360.userdesktop.TestCases.TC_Login2.test_Login(TC_Login2.java:18)
at com.p360.userdesktop.TestCases.TC_Login2.test_Login(TC_Login2.java:18)
at com.p360.userdesktop.TestCases.TC_Login2.test_Login(TC_Login2.java:18)
at com.p360.userdesktop.TestCases.TC_Login2.test_Login(TC_Login2.java:18)
at com.p360.userdesktop.TestCases.TC_Login2.test_Login(TC_Login2.java:18)
at com.p360.userdesktop.TestCases.TC_Login2.test_Login(TC_Login2.java:18)
at com.p360.userdesktop.TestCases.TC_Login2.test_Login(TC_Login2.java:18)
at com.p360.userdesktop.TestCases.TC_Login2.test_Login(TC_Login2.java:18)
at com.p360.userdesktop.TestCases.TC_Login2.test_Login(TC_Login2.java:18)
at com.p360.userdesktop.TestCases.TC_Login2.test_Login(TC_Login2.java:18)
at com.p360.userdesktop.TestCases.TC_Login2.test_Login(TC_Login2.java:18)
at com.p360.userdesktop.TestCases.TC_Login2.test_Login(TC_Login2.java:18)
at com.p360.userdesktop.TestCases.TC_Login2.test_Login(TC_Login2.java:18)
at com.p360.userdesktop.TestCases.TC_Login2.test_Login(TC_Login2.java:18)
at com.p360.userdesktop.TestCases.TC_Login2.test_Login(TC_Login2.java:18)
at com.p360.userdesktop.TestCases.TC_Login2.test_Login(TC_Login2.java:18)
at com.p360.userdesktop.TestCases.TC_Login2.test_Login(TC_Login2.java:18)
at com.p360.userdesktop.TestCases.TC_Login2.test_Login(TC_Login2.java:18)
at com.p360.userdesktop.TestCases.TC_Login2.test_Login(TC_Login2.java:18)
at com.p360.userdesktop.TestCases.TC_Login2.test_Login(TC_Login2.java:18)
at com.p360.userdesktop.TestCases.TC_Login2.test_Login(TC_Login2.java:18)
at com.p360.userdesktop.TestCases.TC_Login2.test_Login(TC_Login2.java:18)
at com.p360.userdesktop.TestCases.TC_Login2.test_Login(TC_Login2.java:18)
at com.p360.userdesktop.TestCases.TC_Login2.test_Login(TC_Login2.java:18)
at com.p360.userdesktop.TestCases.TC_Login2.test_Login(TC_Login2.java:18)
at com.p360.userdesktop.TestCases.TC_Login2.test_Login(TC_Login2.java:18)
at com.p360.userdesktop.TestCases.TC_Login2.test_Login(TC_Login2.java:18)
at com.p360.userdesktop.TestCases.TC_Login2.test_Login(TC_Login2.java:18)
at com.p360.userdesktop.TestCases.TC_Login2.test_Login(TC_Login2.java:18)
at com.p360.userdesktop.TestCases.TC_Login2.test_Login(TC_Login2.java:18)
at com.p360.userdesktop.TestCases.TC_Login2.test_Login(TC_Login2.java:18)
at com.p360.userdesktop.TestCases.TC_Login2.test_Login(TC_Login2.java:18)
at com.p360.userdesktop.TestCases.TC_Login2.test_Login(TC_Login2.java:18)
at com.p360.userdesktop.TestCases.TC_Login2.test_Login(TC_Login2.java:18)
at com.p360.userdesktop.TestCases.TC_Login2.test_Login(TC_Login2.java:18)
at com.p360.userdesktop.TestCases.TC_Login2.test_Login(TC_Login2.java:18)
at com.p360.userdesktop.TestCases.TC_Login2.test_Login(TC_Login2.java:18)
at com.p360.userdesktop.TestCases.TC_Login2.test_Login(TC_Login2.java:18)
at com.p360.userdesktop.TestCases.TC_Login2.test_Login(TC_Login2.java:18)
at com.p360.userdesktop.TestCases.TC_Login2.test_Login(TC_Login2.java:18)
at com.p360.userdesktop.TestCases.TC_Login2.test_Login(TC_Login2.java:18)
at com.p360.userdesktop.TestCases.TC_Login2.test_Login(TC_Login2.java:18)
at com.p360.userdesktop.TestCases.TC_Login2.test_Login(TC_Login2.java:18)
at com.p360.userdesktop.TestCases.TC_Login2.test_Login(TC_Login2.java:18)
at com.p360.userdesktop.TestCases.TC_Login2.test_Login(TC_Login2.java:18)
at com.p360.userdesktop.TestCases.TC_Login2.test_Login(TC_Login2.java:18)
at com.p360.userdesktop.TestCases.TC_Login2.test_Login(TC_Login2.java:18)
at com.p360.userdesktop.TestCases.TC_Login2.test_Login(TC_Login2.java:18)
at com.p360.userdesktop.TestCases.TC_Login2.test_Login(TC_Login2.java:18)
at com.p360.userdesktop.TestCases.TC_Login2.test_Login(TC_Login2.java:18)
at com.p360.userdesktop.TestCases.TC_Login2.test_Login(TC_Login2.java:18)
at com.p360.userdesktop.TestCases.TC_Login2.test_Login(TC_Login2.java:18)
at com.p360.userdesktop.TestCases.TC_Login2.test_Login(TC_Login2.java:18)
at com.p360.userdesktop.TestCases.TC_Login2.test_Login(TC_Login2.java:18)
at com.p360.userdesktop.TestCases.TC_Login2.test_Login(TC_Login2.java:18)
at com.p360.userdesktop.TestCases.TC_Login2.test_Login(TC_Login2.java:18)
at com.p360.userdesktop.TestCases.TC_Login2.test_Login(TC_Login2.java:18)
at com.p360.userdesktop.TestCases.TC_Login2.test_Login(TC_Login2.java:18)
at com.p360.userdesktop.TestCases.TC_Login2.test_Login(TC_Login2.java:18)
at com.p360.userdesktop.TestCases.TC_Login2.test_Login(TC_Login2.java:18)
at com.p360.userdesktop.TestCases.TC_Login2.test_Login(TC_Login2.java:18)
at com.p360.userdesktop.TestCases.TC_Login2.test_Login(TC_Login2.java:18)
at com.p360.userdesktop.TestCases.TC_Login2.test_Login(TC_Login2.java:18)
at com.p360.userdesktop.TestCases.TC_Login2.test_Login(TC_Login2.java:18)
at com.p360.userdesktop.TestCases.TC_Login2.test_Login(TC_Login2.java:18)
at com.p360.userdesktop.TestCases.TC_Login2.test_Login(TC_Login2.java:18)
at com.p360.userdesktop.TestCases.TC_Login2.test_Login(TC_Login2.java:18)
at com.p360.userdesktop.TestCases.TC_Login2.test_Login(TC_Login2.java:18)
at com.p360.userdesktop.TestCases.TC_Login2.test_Login(TC_Login2.java:18)
at com.p360.userdesktop.TestCases.TC_Login2.test_Login(TC_Login2.java:18)
at com.p360.userdesktop.TestCases.TC_Login2.test_Login(TC_Login2.java:18)
at com.p360.userdesktop.TestCases.TC_Login2.test_Login(TC_Login2.java:18)
at com.p360.userdesktop.TestCases.TC_Login2.test_Login(TC_Login2.java:18)
at com.p360.userdesktop.TestCases.TC_Login2.test_Login(TC_Login2.java:18)
at com.p360.userdesktop.TestCases.TC_Login2.test_Login(TC_Login2.java:18)
at com.p360.userdesktop.TestCases.TC_Login2.test_Login(TC_Login2.java:18)
at com.p360.userdesktop.TestCases.TC_Login2.test_Login(TC_Login2.java:18)
at com.p360.userdesktop.TestCases.TC_Login2.test_Login(TC_Login2.java:18)
at com.p360.userdesktop.TestCases.TC_Login2.test_Login(TC_Login2.java:18)
at com.p360.userdesktop.TestCases.TC_Login2.test_Login(TC_Login2.java:18)
at com.p360.userdesktop.TestCases.TC_Login2.test_Login(TC_Login2.java:18)
at com.p360.userdesktop.TestCases.TC_Login2.test_Login(TC_Login2.java:18)
at com.p360.userdesktop.TestCases.TC_Login2.test_Login(TC_Login2.java:18)
at com.p360.userdesktop.TestCases.TC_Login2.test_Login(TC_Login2.java:18)
at com.p360.userdesktop.TestCases.TC_Login2.test_Login(TC_Login2.java:18)
at com.p360.userdesktop.TestCases.TC_Login2.test_Login(TC_Login2.java:18)
at com.p360.userdesktop.TestCases.TC_Login2.test_Login(TC_Login2.java:18)
at com.p360.userdesktop.TestCases.TC_Login2.test_Login(TC_Login2.java:18)
at com.p360.userdesktop.TestCases.TC_Login2.test_Login(TC_Login2.java:18)
at com.p360.userdesktop.TestCases.TC_Login2.test_Login(TC_Login2.java:18)
at com.p360.userdesktop.TestCases.TC_Login2.test_Login(TC_Login2.java:18)
at com.p360.userdesktop.TestCases.TC_Login2.test_Login(TC_Login2.java:18)
at com.p360.userdesktop.TestCases.TC_Login2.test_Login(TC_Login2.java:18)
at com.p360.userdesktop.TestCases.TC_Login2.test_Login(TC_Login2.java:18)
at com.p360.userdesktop.TestCases.TC_Login2.test_Login(TC_Login2.java:18)
at com.p360.userdesktop.TestCases.TC_Login2.test_Login(TC_Login2.java:18)
at com.p360.userdesktop.TestCases.TC_Login2.test_Login(TC_Login2.java:18)
at com.p360.userdesktop.TestCases.TC_Login2.test_Login(TC_Login2.java:18)
at com.p360.userdesktop.TestCases.TC_Login2.test_Login(TC_Login2.java:18)
at com.p360.userdesktop.TestCases.TC_Login2.test_Login(TC_Login2.java:18)
at com.p360.userdesktop.TestCases.TC_Login2.test_Login(TC_Login2.java:18)
at com.p360.userdesktop.TestCases.TC_Login2.test_Login(TC_Login2.java:18)
at com.p360.userdesktop.TestCases.TC_Login2.test_Login(TC_Login2.java:18)
at com.p360.userdesktop.TestCases.TC_Login2.test_Login(TC_Login2.java:18)
at com.p360.userdesktop.TestCases.TC_Login2.test_Login(TC_Login2.java:18)
at com.p360.userdesktop.TestCases.TC_Login2.test_Login(TC_Login2.java:18)
at com.p360.userdesktop.TestCases.TC_Login2.test_Login(TC_Login2.java:18)
at com.p360.userdesktop.TestCases.TC_Login2.test_Login(TC_Login2.java:18)
at com.p360.userdesktop.TestCases.TC_Login2.test_Login(TC_Login2.java:18)
at com.p360.userdesktop.TestCases.TC_Login2.test_Login(TC_Login2.java:18)
at com.p360.userdesktop.TestCases.TC_Login2.test_Login(TC_Login2.java:18)
at com.p360.userdesktop.TestCases.TC_Login2.test_Login(TC_Login2.java:18)
at com.p360.userdesktop.TestCases.TC_Login2.test_Login(TC_Login2.java:18)
at com.p360.userdesktop.TestCases.TC_Login2.test_Login(TC_Login2.java:18)
at com.p360.userdesktop.TestCases.TC_Login2.test_Login(TC_Login2.java:18)
at com.p360.userdesktop.TestCases.TC_Login2.test_Login(TC_Login2.java:18)
at com.p360.userdesktop.TestCases.TC_Login2.test_Login(TC_Login2.java:18)
at com.p360.userdesktop.TestCases.TC_Login2.test_Login(TC_Login2.java:18)
at com.p360.userdesktop.TestCases.TC_Login2.test_Login(TC_Login2.java:18)
at com.p360.userdesktop.TestCases.TC_Login2.test_Login(TC_Login2.java:18)
at com.p360.userdesktop.TestCases.TC_Login2.test_Login(TC_Login2.java:18)
at com.p360.userdesktop.TestCases.TC_Login2.test_Login(TC_Login2.java:18)
at com.p360.userdesktop.TestCases.TC_Login2.test_Login(TC_Login2.java:18)
at com.p360.userdesktop.TestCases.TC_Login2.test_Login(TC_Login2.java:18)
at com.p360.userdesktop.TestCases.TC_Login2.test_Login(TC_Login2.java:18)
at com.p360.userdesktop.TestCases.TC_Login2.test_Login(TC_Login2.java:18)
at com.p360.userdesktop.TestCases.TC_Login2.test_Login(TC_Login2.java:18)
at com.p360.userdesktop.TestCases.TC_Login2.test_Login(TC_Login2.java:18)
at com.p360.userdesktop.TestCases.TC_Login2.test_Login(TC_Login2.java:18)
at com.p360.userdesktop.TestCases.TC_Login2.test_Login(TC_Login2.java:18)
at com.p360.userdesktop.TestCases.TC_Login2.test_Login(TC_Login2.java:18)
at com.p360.userdesktop.TestCases.TC_Login2.test_Login(TC_Login2.java:18)
at com.p360.userdesktop.TestCases.TC_Login2.test_Login(TC_Login2.java:18)
at com.p360.userdesktop.TestCases.TC_Login2.test_Login(TC_Login2.java:18)
at com.p360.userdesktop.TestCases.TC_Login2.test_Login(TC_Login2.java:18)
at com.p360.userdesktop.TestCases.TC_Login2.test_Login(TC_Login2.java:18)
at com.p360.userdesktop.TestCases.TC_Login2.test_Login(TC_Login2.java:18)
at com.p360.userdesktop.TestCases.TC_Login2.test_Login(TC_Login2.java:18)
at com.p360.userdesktop.TestCases.TC_Login2.test_Login(TC_Login2.java:18)
at com.p360.userdesktop.TestCases.TC_Login2.test_Login(TC_Login2.java:18)
at com.p360.userdesktop.TestCases.TC_Login2.test_Login(TC_Login2.java:18)
at com.p360.userdesktop.TestCases.TC_Login2.test_Login(TC_Login2.java:18)
at com.p360.userdesktop.TestCases.TC_Login2.test_Login(TC_Login2.java:18)
at com.p360.userdesktop.TestCases.TC_Login2.test_Login(TC_Login2.java:18)
at com.p360.userdesktop.TestCases.TC_Login2.test_Login(TC_Login2.java:18)
at com.p360.userdesktop.TestCases.TC_Login2.test_Login(TC_Login2.java:18)
at com.p360.userdesktop.TestCases.TC_Login2.test_Login(TC_Login2.java:18)
at com.p360.userdesktop.TestCases.TC_Login2.test_Login(TC_Login2.java:18)
at com.p360.userdesktop.TestCases.TC_Login2.test_Login(TC_Login2.java:18)
at com.p360.userdesktop.TestCases.TC_Login2.test_Login(TC_Login2.java:18)
at com.p360.userdesktop.TestCases.TC_Login2.test_Login(TC_Login2.java:18)
at com.p360.userdesktop.TestCases.TC_Login2.test_Login(TC_Login2.java:18)
at com.p360.userdesktop.TestCases.TC_Login2.test_Login(TC_Login2.java:18)
at com.p360.userdesktop.TestCases.TC_Login2.test_Login(TC_Login2.java:18)
at com.p360.userdesktop.TestCases.TC_Login2.test_Login(TC_Login2.java:18)
at com.p360.userdesktop.TestCases.TC_Login2.test_Login(TC_Login2.java:18)
at com.p360.userdesktop.TestCases.TC_Login2.test_Login(TC_Login2.java:18)
at com.p360.userdesktop.TestCases.TC_Login2.test_Login(TC_Login2.java:18)
at com.p360.userdesktop.TestCases.TC_Login2.test_Login(TC_Login2.java:18)
at com.p360.userdesktop.TestCases.TC_Login2.test_Login(TC_Login2.java:18)
at com.p360.userdesktop.TestCases.TC_Login2.test_Login(TC_Login2.java:18)
at com.p360.userdesktop.TestCases.TC_Login2.test_Login(TC_Login2.java:18)
at com.p360.userdesktop.TestCases.TC_Login2.test_Login(TC_Login2.java:18)
at com.p360.userdesktop.TestCases.TC_Login2.test_Login(TC_Login2.java:18)
at com.p360.userdesktop.TestCases.TC_Login2.test_Login(TC_Login2.java:18)
at com.p360.userdesktop.TestCases.TC_Login2.test_Login(TC_Login2.java:18)
at com.p360.userdesktop.TestCases.TC_Login2.test_Login(TC_Login2.java:18)
at com.p360.userdesktop.TestCases.TC_Login2.test_Login(TC_Login2.java:18)
at com.p360.userdesktop.TestCases.TC_Login2.test_Login(TC_Login2.java:18)
at com.p360.userdesktop.TestCases.TC_Login2.test_Login(TC_Login2.java:18)
at com.p360.userdesktop.TestCases.TC_Login2.test_Login(TC_Login2.java:18)
at com.p360.userdesktop.TestCases.TC_Login2.test_Login(TC_Login2.java:18)
at com.p360.userdesktop.TestCases.TC_Login2.test_Login(TC_Login2.java:18)
at com.p360.userdesktop.TestCases.TC_Login2.test_Login(TC_Login2.java:18)
at com.p360.userdesktop.TestCases.TC_Login2.test_Login(TC_Login2.java:18)
at com.p360.userdesktop.TestCases.TC_Login2.test_Login(TC_Login2.java:18)
at com.p360.userdesktop.TestCases.TC_Login2.test_Login(TC_Login2.java:18)
at com.p360.userdesktop.TestCases.TC_Login2.test_Login(TC_Login2.java:18)
at com.p360.userdesktop.TestCases.TC_Login2.test_Login(TC_Login2.java:18)
at com.p360.userdesktop.TestCases.TC_Login2.test_Login(TC_Login2.java:18)
at com.p360.userdesktop.TestCases.TC_Login2.test_Login(TC_Login2.java:18)
at com.p360.userdesktop.TestCases.TC_Login2.test_Login(TC_Login2.java:18)
at com.p360.userdesktop.TestCases.TC_Login2.test_Login(TC_Login2.java:18)
at com.p360.userdesktop.TestCases.TC_Login2.test_Login(TC_Login2.java:18)
at com.p360.userdesktop.TestCases.TC_Login2.test_Login(TC_Login2.java:18)
at com.p360.userdesktop.TestCases.TC_Login2.test_Login(TC_Login2.java:18)
at com.p360.userdesktop.TestCases.TC_Login2.test_Login(TC_Login2.java:18)
at com.p360.userdesktop.TestCases.TC_Login2.test_Login(TC_Login2.java:18)
at com.p360.userdesktop.TestCases.TC_Login2.test_Login(TC_Login2.java:18)
at com.p360.userdesktop.TestCases.TC_Login2.test_Login(TC_Login2.java:18)
at com.p360.userdesktop.TestCases.TC_Login2.test_Login(TC_Login2.java:18)
at com.p360.userdesktop.TestCases.TC_Login2.test_Login(TC_Login2.java:18)
at com.p360.userdesktop.TestCases.TC_Login2.test_Login(TC_Login2.java:18)
at com.p360.userdesktop.TestCases.TC_Login2.test_Login(TC_Login2.java:18)
at com.p360.userdesktop.TestCases.TC_Login2.test_Login(TC_Login2.java:18)
at com.p360.userdesktop.TestCases.TC_Login2.test_Login(TC_Login2.java:18)
at com.p360.userdesktop.TestCases.TC_Login2.test_Login(TC_Login2.java:18)
at com.p360.userdesktop.TestCases.TC_Login2.test_Login(TC_Login2.java:18)
at com.p360.userdesktop.TestCases.TC_Login2.test_Login(TC_Login2.java:18)
at com.p360.userdesktop.TestCases.TC_Login2.test_Login(TC_Login2.java:18)
at com.p360.userdesktop.TestCases.TC_Login2.test_Login(TC_Login2.java:18)
at com.p360.userdesktop.TestCases.TC_Login2.test_Login(TC_Login2.java:18)
at com.p360.userdesktop.TestCases.TC_Login2.test_Login(TC_Login2.java:18)
at com.p360.userdesktop.TestCases.TC_Login2.test_Login(TC_Login2.java:18)
at com.p360.userdesktop.TestCases.TC_Login2.test_Login(TC_Login2.java:18)
at com.p360.userdesktop.TestCases.TC_Login2.test_Login(TC_Login2.java:18)
at com.p360.userdesktop.TestCases.TC_Login2.test_Login(TC_Login2.java:18)
at com.p360.userdesktop.TestCases.TC_Login2.test_Login(TC_Login2.java:18)
at com.p360.userdesktop.TestCases.TC_Login2.test_Login(TC_Login2.java:18)
at com.p360.userdesktop.TestCases.TC_Login2.test_Login(TC_Login2.java:18)
at com.p360.userdesktop.TestCases.TC_Login2.test_Login(TC_Login2.java:18)
at com.p360.userdesktop.TestCases.TC_Login2.test_Login(TC_Login2.java:18)
at com.p360.userdesktop.TestCases.TC_Login2.test_Login(TC_Login2.java:18)
at com.p360.userdesktop.TestCases.TC_Login2.test_Login(TC_Login2.java:18)
at com.p360.userdesktop.TestCases.TC_Login2.test_Login(TC_Login2.java:18)
at com.p360.userdesktop.TestCases.TC_Login2.test_Login(TC_Login2.java:18)
at com.p360.userdesktop.TestCases.TC_Login2.test_Login(TC_Login2.java:18)
at com.p360.userdesktop.TestCases.TC_Login2.test_Login(TC_Login2.java:18)
at com.p360.userdesktop.TestCases.TC_Login2.test_Login(TC_Login2.java:18)
at com.p360.userdesktop.TestCases.TC_Login2.test_Login(TC_Login2.java:18)
at com.p360.userdesktop.TestCases.TC_Login2.test_Login(TC_Login2.java:18)
at com.p360.userdesktop.TestCases.TC_Login2.test_Login(TC_Login2.java:18)
at com.p360.userdesktop.TestCases.TC_Login2.test_Login(TC_Login2.java:18)
at com.p360.userdesktop.TestCases.TC_Login2.test_Login(TC_Login2.java:18)
at com.p360.userdesktop.TestCases.TC_Login2.test_Login(TC_Login2.java:18)
at com.p360.userdesktop.TestCases.TC_Login2.test_Login(TC_Login2.java:18)
at com.p360.userdesktop.TestCases.TC_Login2.test_Login(TC_Login2.java:18)
at com.p360.userdesktop.TestCases.TC_Login2.test_Login(TC_Login2.java:18)
at com.p360.userdesktop.TestCases.TC_Login2.test_Login(TC_Login2.java:18)
at com.p360.userdesktop.TestCases.TC_Login2.test_Login(TC_Login2.java:18)
at com.p360.userdesktop.TestCases.TC_Login2.test_Login(TC_Login2.java:18)
at com.p360.userdesktop.TestCases.TC_Login2.test_Login(TC_Login2.java:18)
at com.p360.userdesktop.TestCases.TC_Login2.test_Login(TC_Login2.java:18)
at com.p360.userdesktop.TestCases.TC_Login2.test_Login(TC_Login2.java:18)
at com.p360.userdesktop.TestCases.TC_Login2.test_Login(TC_Login2.java:18)
at com.p360.userdesktop.TestCases.TC_Login2.test_Login(TC_Login2.java:18)
at com.p360.userdesktop.TestCases.TC_Login2.test_Login(TC_Login2.java:18)
at com.p360.userdesktop.TestCases.TC_Login2.test_Login(TC_Login2.java:18)
at com.p360.userdesktop.TestCases.TC_Login2.test_Login(TC_Login2.java:18)
at com.p360.userdesktop.TestCases.TC_Login2.test_Login(TC_Login2.java:18)
at com.p360.userdesktop.TestCases.TC_Login2.test_Login(TC_Login2.java:18)
at com.p360.userdesktop.TestCases.TC_Login2.test_Login(TC_Login2.java:18)
at com.p360.userdesktop.TestCases.TC_Login2.test_Login(TC_Login2.java:18)
at com.p360.userdesktop.TestCases.TC_Login2.test_Login(TC_Login2.java:18)
at com.p360.userdesktop.TestCases.TC_Login2.test_Login(TC_Login2.java:18)
at com.p360.userdesktop.TestCases.TC_Login2.test_Login(TC_Login2.java:18)
at com.p360.userdesktop.TestCases.TC_Login2.test_Login(TC_Login2.java:18)
at com.p360.userdesktop.TestCases.TC_Login2.test_Login(TC_Login2.java:18)
at com.p360.userdesktop.TestCases.TC_Login2.test_Login(TC_Login2.java:18)
at com.p360.userdesktop.TestCases.TC_Login2.test_Login(TC_Login2.java:18)
at com.p360.userdesktop.TestCases.TC_Login2.test_Login(TC_Login2.java:18)
at com.p360.userdesktop.TestCases.TC_Login2.test_Login(TC_Login2.java:18)
at com.p360.userdesktop.TestCases.TC_Login2.test_Login(TC_Login2.java:18)
at com.p360.userdesktop.TestCases.TC_Login2.test_Login(TC_Login2.java:18)
at com.p360.userdesktop.TestCases.TC_Login2.test_Login(TC_Login2.java:18)
at com.p360.userdesktop.TestCases.TC_Login2.test_Login(TC_Login2.java:18)
at com.p360.userdesktop.TestCases.TC_Login2.test_Login(TC_Login2.java:18)
at com.p360.userdesktop.TestCases.TC_Login2.test_Login(TC_Login2.java:18)
at com.p360.userdesktop.TestCases.TC_Login2.test_Login(TC_Login2.java:18)
at com.p360.userdesktop.TestCases.TC_Login2.test_Login(TC_Login2.java:18)
at com.p360.userdesktop.TestCases.TC_Login2.test_Login(TC_Login2.java:18)
at com.p360.userdesktop.TestCases.TC_Login2.test_Login(TC_Login2.java:18)
at com.p360.userdesktop.TestCases.TC_Login2.test_Login(TC_Login2.java:18)
at com.p360.userdesktop.TestCases.TC_Login2.test_Login(TC_Login2.java:18)
at com.p360.userdesktop.TestCases.TC_Login2.test_Login(TC_Login2.java:18)
at com.p360.userdesktop.TestCases.TC_Login2.test_Login(TC_Login2.java:18)
at com.p360.userdesktop.TestCases.TC_Login2.test_Login(TC_Login2.java:18)
at com.p360.userdesktop.TestCases.TC_Login2.test_Login(TC_Login2.java:18)
at com.p360.userdesktop.TestCases.TC_Login2.test_Login(TC_Login2.java:18)
at com.p360.userdesktop.TestCases.TC_Login2.test_Login(TC_Login2.java:18)
at com.p360.userdesktop.TestCases.TC_Login2.test_Login(TC_Login2.java:18)
at com.p360.userdesktop.TestCases.TC_Login2.test_Login(TC_Login2.java:18)
at com.p360.userdesktop.TestCases.TC_Login2.test_Login(TC_Login2.java:18)
at com.p360.userdesktop.TestCases.TC_Login2.test_Login(TC_Login2.java:18)
at com.p360.userdesktop.TestCases.TC_Login2.test_Login(TC_Login2.java:18)
at com.p360.userdesktop.TestCases.TC_Login2.test_Login(TC_Login2.java:18)
at com.p360.userdesktop.TestCases.TC_Login2.test_Login(TC_Login2.java:18)
at com.p360.userdesktop.TestCases.TC_Login2.test_Login(TC_Login2.java:18)
at com.p360.userdesktop.TestCases.TC_Login2.test_Login(TC_Login2.java:18)
at com.p360.userdesktop.TestCases.TC_Login2.test_Login(TC_Login2.java:18)
at com.p360.userdesktop.TestCases.TC_Login2.test_Login(TC_Login2.java:18)
at com.p360.userdesktop.TestCases.TC_Login2.test_Login(TC_Login2.java:18)
at com.p360.userdesktop.TestCases.TC_Login2.test_Login(TC_Login2.java:18)
at com.p360.userdesktop.TestCases.TC_Login2.test_Login(TC_Login2.java:18)
at com.p360.userdesktop.TestCases.TC_Login2.test_Login(TC_Login2.java:18)
at com.p360.userdesktop.TestCases.TC_Login2.test_Login(TC_Login2.java:18)
at com.p360.userdesktop.TestCases.TC_Login2.test_Login(TC_Login2.java:18)
at com.p360.userdesktop.TestCases.TC_Login2.test_Login(TC_Login2.java:18)
at com.p360.userdesktop.TestCases.TC_Login2.test_Login(TC_Login2.java:18)
at com.p360.userdesktop.TestCases.TC_Login2.test_Login(TC_Login2.java:18)
at com.p360.userdesktop.TestCases.TC_Login2.test_Login(TC_Login2.java:18)
at com.p360.userdesktop.TestCases.TC_Login2.test_Login(TC_Login2.java:18)
at com.p360.userdesktop.TestCases.TC_Login2.test_Login(TC_Login2.java:18)
at com.p360.userdesktop.TestCases.TC_Login2.test_Login(TC_Login2.java:18)
at com.p360.userdesktop.TestCases.TC_Login2.test_Login(TC_Login2.java:18)
at com.p360.userdesktop.TestCases.TC_Login2.test_Login(TC_Login2.java:18)
at com.p360.userdesktop.TestCases.TC_Login2.test_Login(TC_Login2.java:18)
at com.p360.userdesktop.TestCases.TC_Login2.test_Login(TC_Login2.java:18)
at com.p360.userdesktop.TestCases.TC_Login2.test_Login(TC_Login2.java:18)
at com.p360.userdesktop.TestCases.TC_Login2.test_Login(TC_Login2.java:18)
at com.p360.userdesktop.TestCases.TC_Login2.test_Login(TC_Login2.java:18)
at com.p360.userdesktop.TestCases.TC_Login2.test_Login(TC_Login2.java:18)
at com.p360.userdesktop.TestCases.TC_Login2.test_Login(TC_Login2.java:18)
at com.p360.userdesktop.TestCases.TC_Login2.test_Login(TC_Login2.java:18)
at com.p360.userdesktop.TestCases.TC_Login2.test_Login(TC_Login2.java:18)
at com.p360.userdesktop.TestCases.TC_Login2.test_Login(TC_Login2.java:18)
at com.p360.userdesktop.TestCases.TC_Login2.test_Login(TC_Login2.java:18)
at com.p360.userdesktop.TestCases.TC_Login2.test_Login(TC_Login2.java:18)
at com.p360.userdesktop.TestCases.TC_Login2.test_Login(TC_Login2.java:18)
at com.p360.userdesktop.TestCases.TC_Login2.test_Login(TC_Login2.java:18)
at com.p360.userdesktop.TestCases.TC_Login2.test_Login(TC_Login2.java:18)
at com.p360.userdesktop.TestCases.TC_Login2.test_Login(TC_Login2.java:18)
at com.p360.userdesktop.TestCases.TC_Login2.test_Login(TC_Login2.java:18)
at com.p360.userdesktop.TestCases.TC_Login2.test_Login(TC_Login2.java:18)
at com.p360.userdesktop.TestCases.TC_Login2.test_Login(TC_Login2.java:18)
at com.p360.userdesktop.TestCases.TC_Login2.test_Login(TC_Login2.java:18)
at com.p360.userdesktop.TestCases.TC_Login2.test_Login(TC_Login2.java:18)
at com.p360.userdesktop.TestCases.TC_Login2.test_Login(TC_Login2.java:18)
at com.p360.userdesktop.TestCases.TC_Login2.test_Login(TC_Login2.java:18)
at com.p360.userdesktop.TestCases.TC_Login2.test_Login(TC_Login2.java:18)
at com.p360.userdesktop.TestCases.TC_Login2.test_Login(TC_Login2.java:18)
at com.p360.userdesktop.TestCases.TC_Login2.test_Login(TC_Login2.java:18)
at com.p360.userdesktop.TestCases.TC_Login2.test_Login(TC_Login2.java:18)
at com.p360.userdesktop.TestCases.TC_Login2.test_Login(TC_Login2.java:18)
at com.p360.userdesktop.TestCases.TC_Login2.test_Login(TC_Login2.java:18)
at com.p360.userdesktop.TestCases.TC_Login2.test_Login(TC_Login2.java:18)
at com.p360.userdesktop.TestCases.TC_Login2.test_Login(TC_Login2.java:18)
at com.p360.userdesktop.TestCases.TC_Login2.test_Login(TC_Login2.java:18)
at com.p360.userdesktop.TestCases.TC_Login2.test_Login(TC_Login2.java:18)
at com.p360.userdesktop.TestCases.TC_Login2.test_Login(TC_Login2.java:18)
at com.p360.userdesktop.TestCases.TC_Login2.test_Login(TC_Login2.java:18)
at com.p360.userdesktop.TestCases.TC_Login2.test_Login(TC_Login2.java:18)
at com.p360.userdesktop.TestCases.TC_Login2.test_Login(TC_Login2.java:18)
at com.p360.userdesktop.TestCases.TC_Login2.test_Login(TC_Login2.java:18)
at com.p360.userdesktop.TestCases.TC_Login2.test_Login(TC_Login2.java:18)
at com.p360.userdesktop.TestCases.TC_Login2.test_Login(TC_Login2.java:18)
at com.p360.userdesktop.TestCases.TC_Login2.test_Login(TC_Login2.java:18)
at com.p360.userdesktop.TestCases.TC_Login2.test_Login(TC_Login2.java:18)
at com.p360.userdesktop.TestCases.TC_Login2.test_Login(TC_Login2.java:18)
at com.p360.userdesktop.TestCases.TC_Login2.test_Login(TC_Login2.java:18)
at com.p360.userdesktop.TestCases.TC_Login2.test_Login(TC_Login2.java:18)
at com.p360.userdesktop.TestCases.TC_Login2.test_Login(TC_Login2.java:18)
at com.p360.userdesktop.TestCases.TC_Login2.test_Login(TC_Login2.java:18)
at com.p360.userdesktop.TestCases.TC_Login2.test_Login(TC_Login2.java:18)
at com.p360.userdesktop.TestCases.TC_Login2.test_Login(TC_Login2.java:18)
at com.p360.userdesktop.TestCases.TC_Login2.test_Login(TC_Login2.java:18)
at com.p360.userdesktop.TestCases.TC_Login2.test_Login(TC_Login2.java:18)
at com.p360.userdesktop.TestCases.TC_Login2.test_Login(TC_Login2.java:18)
at com.p360.userdesktop.TestCases.TC_Login2.test_Login(TC_Login2.java:18)
at com.p360.userdesktop.TestCases.TC_Login2.test_Login(TC_Login2.java:18)
at com.p360.userdesktop.TestCases.TC_Login2.test_Login(TC_Login2.java:18)
at com.p360.userdesktop.TestCases.TC_Login2.test_Login(TC_Login2.java:18)
at com.p360.userdesktop.TestCases.TC_Login2.test_Login(TC_Login2.java:18)
at com.p360.userdesktop.TestCases.TC_Login2.test_Login(TC_Login2.java:18)
at com.p360.userdesktop.TestCases.TC_Login2.test_Login(TC_Login2.java:18)
at com.p360.userdesktop.TestCases.TC_Login2.test_Login(TC_Login2.java:18)
at com.p360.userdesktop.TestCases.TC_Login2.test_Login(TC_Login2.java:18)
at com.p360.userdesktop.TestCases.TC_Login2.test_Login(TC_Login2.java:18)
at com.p360.userdesktop.TestCases.TC_Login2.test_Login(TC_Login2.java:18)
at com.p360.userdesktop.TestCases.TC_Login2.test_Login(TC_Login2.java:18)
at com.p360.userdesktop.TestCases.TC_Login2.test_Login(TC_Login2.java:18)
at com.p360.userdesktop.TestCases.TC_Login2.test_Login(TC_Login2.java:18)
at com.p360.userdesktop.TestCases.TC_Login2.test_Login(TC_Login2.java:18)
at com.p360.userdesktop.TestCases.TC_Login2.test_Login(TC_Login2.java:18)
at com.p360.userdesktop.TestCases.TC_Login2.test_Login(TC_Login2.java:18)
at com.p360.userdesktop.TestCases.TC_Login2.test_Login(TC_Login2.java:18)
at com.p360.userdesktop.TestCases.TC_Login2.test_Login(TC_Login2.java:18)
at com.p360.userdesktop.TestCases.TC_Login2.test_Login(TC_Login2.java:18)
at com.p360.userdesktop.TestCases.TC_Login2.test_Login(TC_Login2.java:18)
at com.p360.userdesktop.TestCases.TC_Login2.test_Login(TC_Login2.java:18)
at com.p360.userdesktop.TestCases.TC_Login2.test_Login(TC_Login2.java:18)
at com.p360.userdesktop.TestCases.TC_Login2.test_Login(TC_Login2.java:18)
at com.p360.userdesktop.TestCases.TC_Login2.test_Login(TC_Login2.java:18)
at com.p360.userdesktop.TestCases.TC_Login2.test_Login(TC_Login2.java:18)
at com.p360.userdesktop.TestCases.TC_Login2.test_Login(TC_Login2.java:18)
at com.p360.userdesktop.TestCases.TC_Login2.test_Login(TC_Login2.java:18)
at com.p360.userdesktop.TestCases.TC_Login2.test_Login(TC_Login2.java:18)
at com.p360.userdesktop.TestCases.TC_Login2.test_Login(TC_Login2.java:18)
at com.p360.userdesktop.TestCases.TC_Login2.test_Login(TC_Login2.java:18)
at com.p360.userdesktop.TestCases.TC_Login2.test_Login(TC_Login2.java:18)
at com.p360.userdesktop.TestCases.TC_Login2.test_Login(TC_Login2.java:18)
at com.p360.userdesktop.TestCases.TC_Login2.test_Login(TC_Login2.java:18)
at com.p360.userdesktop.TestCases.TC_Login2.test_Login(TC_Login2.java:18)
at com.p360.userdesktop.TestCases.TC_Login2.test_Login(TC_Login2.java:18)
at com.p360.userdesktop.TestCases.TC_Login2.test_Login(TC_Login2.java:18)
at com.p360.userdesktop.TestCases.TC_Login2.test_Login(TC_Login2.java:18)
at com.p360.userdesktop.TestCases.TC_Login2.test_Login(TC_Login2.java:18)
at com.p360.userdesktop.TestCases.TC_Login2.test_Login(TC_Login2.java:18)
at com.p360.userdesktop.TestCases.TC_Login2.test_Login(TC_Login2.java:18)
at com.p360.userdesktop.TestCases.TC_Login2.test_Login(TC_Login2.java:18)
at com.p360.userdesktop.TestCases.TC_Login2.test_Login(TC_Login2.java:18)
at com.p360.userdesktop.TestCases.TC_Login2.test_Login(TC_Login2.java:18)
at com.p360.userdesktop.TestCases.TC_Login2.test_Login(TC_Login2.java:18)
at com.p360.userdesktop.TestCases.TC_Login2.test_Login(TC_Login2.java:18)
at com.p360.userdesktop.TestCases.TC_Login2.test_Login(TC_Login2.java:18)
at com.p360.userdesktop.TestCases.TC_Login2.test_Login(TC_Login2.java:18)
at com.p360.userdesktop.TestCases.TC_Login2.test_Login(TC_Login2.java:18)
at com.p360.userdesktop.TestCases.TC_Login2.test_Login(TC_Login2.java:18)
at com.p360.userdesktop.TestCases.TC_Login2.test_Login(TC_Login2.java:18)
at com.p360.userdesktop.TestCases.TC_Login2.test_Login(TC_Login2.java:18)
at com.p360.userdesktop.TestCases.TC_Login2.test_Login(TC_Login2.java:18)
at com.p360.userdesktop.TestCases.TC_Login2.test_Login(TC_Login2.java:18)
at com.p360.userdesktop.TestCases.TC_Login2.test_Login(TC_Login2.java:18)
at com.p360.userdesktop.TestCases.TC_Login2.test_Login(TC_Login2.java:18)
at com.p360.userdesktop.TestCases.TC_Login2.test_Login(TC_Login2.java:18)
at com.p360.userdesktop.TestCases.TC_Login2.test_Login(TC_Login2.java:18)
at com.p360.userdesktop.TestCases.TC_Login2.test_Login(TC_Login2.java:18)
at com.p360.userdesktop.TestCases.TC_Login2.test_Login(TC_Login2.java:18)
at com.p360.userdesktop.TestCases.TC_Login2.test_Login(TC_Login2.java:18)
at com.p360.userdesktop.TestCases.TC_Login2.test_Login(TC_Login2.java:18)
at com.p360.userdesktop.TestCases.TC_Login2.test_Login(TC_Login2.java:18)
at com.p360.userdesktop.TestCases.TC_Login2.test_Login(TC_Login2.java:18)
at com.p360.userdesktop.TestCases.TC_Login2.test_Login(TC_Login2.java:18)
at com.p360.userdesktop.TestCases.TC_Login2.test_Login(TC_Login2.java:18)
at com.p360.userdesktop.TestCases.TC_Login2.test_Login(TC_Login2.java:18)
at com.p360.userdesktop.TestCases.TC_Login2.test_Login(TC_Login2.java:18)
at com.p360.userdesktop.TestCases.TC_Login2.test_Login(TC_Login2.java:18)
at com.p360.userdesktop.TestCases.TC_Login2.test_Login(TC_Login2.java:18)
at com.p360.userdesktop.TestCases.TC_Login2.test_Login(TC_Login2.java:18)
at com.p360.userdesktop.TestCases.TC_Login2.test_Login(TC_Login2.java:18)
at com.p360.userdesktop.TestCases.TC_Login2.test_Login(TC_Login2.java:18)
at com.p360.userdesktop.TestCases.TC_Login2.test_Login(TC_Login2.java:18)
at com.p360.userdesktop.TestCases.TC_Login2.test_Login(TC_Login2.java:18)
at com.p360.userdesktop.TestCases.TC_Login2.test_Login(TC_Login2.java:18)
at com.p360.userdesktop.TestCases.TC_Login2.test_Login(TC_Login2.java:18)
at com.p360.userdesktop.TestCases.TC_Login2.test_Login(TC_Login2.java:18)
at com.p360.userdesktop.TestCases.TC_Login2.test_Login(TC_Login2.java:18)
at com.p360.userdesktop.TestCases.TC_Login2.test_Login(TC_Login2.java:18)
at com.p360.userdesktop.TestCases.TC_Login2.test_Login(TC_Login2.java:18)
at com.p360.userdesktop.TestCases.TC_Login2.test_Login(TC_Login2.java:18)
at com.p360.userdesktop.TestCases.TC_Login2.test_Login(TC_Login2.java:18)
at com.p360.userdesktop.TestCases.TC_Login2.test_Login(TC_Login2.java:18)
at com.p360.userdesktop.TestCases.TC_Login2.test_Login(TC_Login2.java:18)
at com.p360.userdesktop.TestCases.TC_Login2.test_Login(TC_Login2.java:18)
at com.p360.userdesktop.TestCases.TC_Login2.test_Login(TC_Login2.java:18)
at com.p360.userdesktop.TestCases.TC_Login2.test_Login(TC_Login2.java:18)
at com.p360.userdesktop.TestCases.TC_Login2.test_Login(TC_Login2.java:18)
at com.p360.userdesktop.TestCases.TC_Login2.test_Login(TC_Login2.java:18)
at com.p360.userdesktop.TestCases.TC_Login2.test_Login(TC_Login2.java:18)
at com.p360.userdesktop.TestCases.TC_Login2.test_Login(TC_Login2.java:18)
at com.p360.userdesktop.TestCases.TC_Login2.test_Login(TC_Login2.java:18)
at com.p360.userdesktop.TestCases.TC_Login2.test_Login(TC_Login2.java:18)
at com.p360.userdesktop.TestCases.TC_Login2.test_Login(TC_Login2.java:18)
at com.p360.userdesktop.TestCases.TC_Login2.test_Login(TC_Login2.java:18)
at com.p360.userdesktop.TestCases.TC_Login2.test_Login(TC_Login2.java:18)
at com.p360.userdesktop.TestCases.TC_Login2.test_Login(TC_Login2.java:18)
at com.p360.userdesktop.TestCases.TC_Login2.test_Login(TC_Login2.java:18)
at com.p360.userdesktop.TestCases.TC_Login2.test_Login(TC_Login2.java:18)
at com.p360.userdesktop.TestCases.TC_Login2.test_Login(TC_Login2.java:18)
at com.p360.userdesktop.TestCases.TC_Login2.test_Login(TC_Login2.java:18)
at com.p360.userdesktop.TestCases.TC_Login2.test_Login(TC_Login2.java:18)
at com.p360.userdesktop.TestCases.TC_Login2.test_Login(TC_Login2.java:18)
at com.p360.userdesktop.TestCases.TC_Login2.test_Login(TC_Login2.java:18)
at com.p360.userdesktop.TestCases.TC_Login2.test_Login(TC_Login2.java:18)
at com.p360.userdesktop.TestCases.TC_Login2.test_Login(TC_Login2.java:18)
at com.p360.userdesktop.TestCases.TC_Login2.test_Login(TC_Login2.java:18)
at com.p360.userdesktop.TestCases.TC_Login2.test_Login(TC_Login2.java:18)
at com.p360.userdesktop.TestCases.TC_Login2.test_Login(TC_Login2.java:18)
at com.p360.userdesktop.TestCases.TC_Login2.test_Login(TC_Login2.java:18)
at com.p360.userdesktop.TestCases.TC_Login2.test_Login(TC_Login2.java:18)
at com.p360.userdesktop.TestCases.TC_Login2.test_Login(TC_Login2.java:18)
at com.p360.userdesktop.TestCases.TC_Login2.test_Login(TC_Login2.java:18)
at com.p360.userdesktop.TestCases.TC_Login2.test_Login(TC_Login2.java:18)
at com.p360.userdesktop.TestCases.TC_Login2.test_Login(TC_Login2.java:18)
at com.p360.userdesktop.TestCases.TC_Login2.test_Login(TC_Login2.java:18)
at com.p360.userdesktop.TestCases.TC_Login2.test_Login(TC_Login2.java:18)
at com.p360.userdesktop.TestCases.TC_Login2.test_Login(TC_Login2.java:18)
at com.p360.userdesktop.TestCases.TC_Login2.test_Login(TC_Login2.java:18)
at com.p360.userdesktop.TestCases.TC_Login2.test_Login(TC_Login2.java:18)
at com.p360.userdesktop.TestCases.TC_Login2.test_Login(TC_Login2.java:18)
at com.p360.userdesktop.TestCases.TC_Login2.test_Login(TC_Login2.java:18)
at com.p360.userdesktop.TestCases.TC_Login2.test_Login(TC_Login2.java:18)
at com.p360.userdesktop.TestCases.TC_Login2.test_Login(TC_Login2.java:18)
at com.p360.userdesktop.TestCases.TC_Login2.test_Login(TC_Login2.java:18)
at com.p360.userdesktop.TestCases.TC_Login2.test_Login(TC_Login2.java:18)
at com.p360.userdesktop.TestCases.TC_Login2.test_Login(TC_Login2.java:18)
at com.p360.userdesktop.TestCases.TC_Login2.test_Login(TC_Login2.java:18)
at com.p360.userdesktop.TestCases.TC_Login2.test_Login(TC_Login2.java:18)
at com.p360.userdesktop.TestCases.TC_Login2.test_Login(TC_Login2.java:18)
at com.p360.userdesktop.TestCases.TC_Login2.test_Login(TC_Login2.java:18)
at com.p360.userdesktop.TestCases.TC_Login2.test_Login(TC_Login2.java:18)
at com.p360.userdesktop.TestCases.TC_Login2.test_Login(TC_Login2.java:18)
at com.p360.userdesktop.TestCases.TC_Login2.test_Login(TC_Login2.java:18)
at com.p360.userdesktop.TestCases.TC_Login2.test_Login(TC_Login2.java:18)
at com.p360.userdesktop.TestCases.TC_Login2.test_Login(TC_Login2.java:18)
at com.p360.userdesktop.TestCases.TC_Login2.test_Login(TC_Login2.java:18)
at com.p360.userdesktop.TestCases.TC_Login2.test_Login(TC_Login2.java:18)
at com.p360.userdesktop.TestCases.TC_Login2.test_Login(TC_Login2.java:18)
at com.p360.userdesktop.TestCases.TC_Login2.test_Login(TC_Login2.java:18)
at com.p360.userdesktop.TestCases.TC_Login2.test_Login(TC_Login2.java:18)
at com.p360.userdesktop.TestCases.TC_Login2.test_Login(TC_Login2.java:18)
at com.p360.userdesktop.TestCases.TC_Login2.test_Login(TC_Login2.java:18)
at com.p360.userdesktop.TestCases.TC_Login2.test_Login(TC_Login2.java:18)
at com.p360.userdesktop.TestCases.TC_Login2.test_Login(TC_Login2.java:18)
at com.p360.userdesktop.TestCases.TC_Login2.test_Login(TC_Login2.java:18)
at com.p360.userdesktop.TestCases.TC_Login2.test_Login(TC_Login2.java:18)
at com.p360.userdesktop.TestCases.TC_Login2.test_Login(TC_Login2.java:18)
at com.p360.userdesktop.TestCases.TC_Login2.test_Login(TC_Login2.java:18)
at com.p360.userdesktop.TestCases.TC_Login2.test_Login(TC_Login2.java:18)
at com.p360.userdesktop.TestCases.TC_Login2.test_Login(TC_Login2.java:18)
at com.p360.userdesktop.TestCases.TC_Login2.test_Login(TC_Login2.java:18)
at com.p360.userdesktop.TestCases.TC_Login2.test_Login(TC_Login2.java:18)
at com.p360.userdesktop.TestCases.TC_Login2.test_Login(TC_Login2.java:18)
at com.p360.userdesktop.TestCases.TC_Login2.test_Login(TC_Login2.java:18)
at com.p360.userdesktop.TestCases.TC_Login2.test_Login(TC_Login2.java:18)
at com.p360.userdesktop.TestCases.TC_Login2.test_Login(TC_Login2.java:18)
at com.p360.userdesktop.TestCases.TC_Login2.test_Login(TC_Login2.java:18)
at com.p360.userdesktop.TestCases.TC_Login2.test_Login(TC_Login2.java:18)
at com.p360.userdesktop.TestCases.TC_Login2.test_Login(TC_Login2.java:18)
at com.p360.userdesktop.TestCases.TC_Login2.test_Login(TC_Login2.java:18)
at com.p360.userdesktop.TestCases.TC_Login2.test_Login(TC_Login2.java:18)
at com.p360.userdesktop.TestCases.TC_Login2.test_Login(TC_Login2.java:18)
at com.p360.userdesktop.TestCases.TC_Login2.test_Login(TC_Login2.java:18)
at com.p360.userdesktop.TestCases.TC_Login2.test_Login(TC_Login2.java:18)
]]>
    </failure>
  </testcase> <!-- test_Login -->
</testsuite> <!-- Test -->
