<?xml version="1.0" encoding="UTF-8"?>
<testng-results ignored="0" total="2" passed="2" failed="0" skipped="0">
  <reporter-output>
  </reporter-output>
  <suite started-at="2023-07-04T18:16:56 IST" name="Suite" finished-at="2023-07-04T18:17:43 IST" duration-ms="46716">
    <groups>
    </groups>
    <test started-at="2023-07-04T18:16:56 IST" name="P360 User Login" finished-at="2023-07-04T18:17:43 IST" duration-ms="46716">
      <class name="com.p360.userdesktop.TestCases.TC_Login">
        <test-method is-config="true" signature="setup(java.lang.String)[pri:0, instance:com.p360.userdesktop.TestCases.TC_Login@13f17eb4]" started-at="2023-07-04T18:16:57 IST" name="setup" finished-at="2023-07-04T18:17:06 IST" duration-ms="9032" status="PASS">
          <params>
            <param index="0">
              <value>
                <![CDATA[chrome]]>
              </value>
            </param>
          </params>
          <reporter-output>
          </reporter-output>
        </test-method> <!-- setup -->
        <test-method signature="test_Login()[pri:1, instance:com.p360.userdesktop.TestCases.TC_Login@13f17eb4]" started-at="2023-07-04T18:17:06 IST" name="test_Login" finished-at="2023-07-04T18:17:35 IST" duration-ms="29422" status="PASS">
          <reporter-output>
          </reporter-output>
        </test-method> <!-- test_Login -->
        <test-method signature="test_Logout()[pri:2, instance:com.p360.userdesktop.TestCases.TC_Login@13f17eb4]" started-at="2023-07-04T18:17:35 IST" name="test_Logout" finished-at="2023-07-04T18:17:43 IST" depends-on-methods="com.p360.userdesktop.TestCases.TC_Login.test_Login" duration-ms="7414" status="PASS">
          <reporter-output>
          </reporter-output>
        </test-method> <!-- test_Logout -->
        <test-method is-config="true" signature="teardown()[pri:0, instance:com.p360.userdesktop.TestCases.TC_Login@13f17eb4]" started-at="2023-07-04T18:17:43 IST" name="teardown" finished-at="2023-07-04T18:17:43 IST" duration-ms="377" status="PASS">
          <reporter-output>
          </reporter-output>
        </test-method> <!-- teardown -->
      </class> <!-- com.p360.userdesktop.TestCases.TC_Login -->
    </test> <!-- P360 User Login -->
  </suite> <!-- Suite -->
</testng-results>
